2025-03-22 17:20:47 - Fetching config from server at : http://localhost:8888
2025-03-22 17:20:47 - Exception on Url - http://localhost:8888:org.springframework.web.client.ResourceAccessException: I/O error on GET request for "http://localhost:8888/department-info/default": Connection refused: no further information. Will be trying the next url if available
2025-03-22 17:20:47 - Could not locate PropertySource: I/O error on GET request for "http://localhost:8888/department-info/default": Connection refused: no further information
2025-03-22 17:20:47 - No active profile set, falling back to 1 default profile: "default"
2025-03-22 17:20:47 - Fetching config from server at : http://localhost:9999
2025-03-22 17:20:47 - Located environment: name=department-info, profiles=[default], label=null, version=176c45b8c7d55a540d9f73a6a57e5f0d82307dc5, state=
2025-03-22 17:20:48 - Bootstrapping Spring Data JPA repositories in DEFAULT mode.
2025-03-22 17:20:48 - Finished Spring Data repository scanning in 323 ms. Found 1 JPA repository interface.
2025-03-22 17:20:49 - BeanFactory id=3d9c181e-94cd-38d5-aaa7-27ac23a42f09
2025-03-22 17:20:50 - Tomcat initialized with port 8082 (http)
2025-03-22 17:20:50 - Starting service [Tomcat]
2025-03-22 17:20:50 - Starting Servlet engine: [Apache Tomcat/10.1.34]
2025-03-22 17:20:50 - Initializing Spring embedded WebApplicationContext
2025-03-22 17:20:50 - Root WebApplicationContext: initialization completed in 3483 ms
2025-03-22 17:20:50 - HHH000204: Processing PersistenceUnitInfo [name: default]
2025-03-22 17:20:51 - HHH000412: Hibernate ORM core version 6.6.5.Final
2025-03-22 17:20:51 - HHH000026: Second-level cache disabled
2025-03-22 17:20:51 - No LoadTimeWeaver setup: ignoring JPA class transformer
2025-03-22 17:20:51 - HikariPool-1 - Starting...
2025-03-22 17:20:52 - HikariPool-1 - Added connection org.postgresql.jdbc.PgConnection@4daf3f81
2025-03-22 17:20:52 - HikariPool-1 - Start completed.
2025-03-22 17:20:52 - HHH90000025: PostgreSQLDialect does not need to be specified explicitly using 'hibernate.dialect' (remove the property setting and it will be selected by default)
2025-03-22 17:20:52 - HHH10001005: Database info:
	Database JDBC URL [Connecting through datasource 'HikariDataSource (HikariPool-1)']
	Database driver: undefined/unknown
	Database version: 15.8
	Autocommit mode: undefined/unknown
	Isolation level: undefined/unknown
	Minimum pool size: undefined/unknown
	Maximum pool size: undefined/unknown
2025-03-22 17:20:54 - HHH000489: No JTA platform available (set 'hibernate.transaction.jta.platform' to enable JTA platform integration)
2025-03-22 17:20:54 - Initialized JPA EntityManagerFactory for persistence unit 'default'
2025-03-22 17:20:55 - spring.jpa.open-in-view is enabled by default. Therefore, database queries may be performed during view rendering. Explicitly configure spring.jpa.open-in-view to disable this warning
2025-03-22 17:20:56 - Unable to start LiveReload server
2025-03-22 17:20:56 - Eureka HTTP Client uses RestTemplate.
2025-03-22 17:20:57 - Spring Cloud LoadBalancer is currently working with the default cache. While this cache implementation is useful for development and tests, it's recommended to use Caffeine cache in production.You can switch to using Caffeine cache, by adding it and org.springframework.cache.caffeine.CaffeineCacheManager to the classpath.
2025-03-22 17:20:57 - Setting initial instance status as: STARTING
2025-03-22 17:20:57 - Initializing Eureka in region us-east-1
2025-03-22 17:20:57 - Resolving eureka endpoints via configuration
2025-03-22 17:20:57 - Disable delta property : false
2025-03-22 17:20:57 - Single vip registry refresh property : null
2025-03-22 17:20:57 - Force full registry fetch : false
2025-03-22 17:20:57 - Application is null : false
2025-03-22 17:20:57 - Registered Applications size is zero : true
2025-03-22 17:20:57 - Application version is -1: true
2025-03-22 17:20:57 - Getting all instance registry info from the eureka server
2025-03-22 17:20:57 - The response status is 200
2025-03-22 17:20:57 - Starting heartbeat executor: renew interval is: 30
2025-03-22 17:20:57 - InstanceInfoReplicator onDemand update allowed rate per min is 4
2025-03-22 17:20:57 - Discovery Client initialized at timestamp 1742644257662 with initial instances count: 0
2025-03-22 17:20:57 - Registering application DEPARTMENT-INFO with eureka with status UP
2025-03-22 17:20:57 - Saw local status change event StatusChangeEvent [timestamp=1742644257677, current=UP, previous=STARTING]
2025-03-22 17:20:57 - DiscoveryClient_DEPARTMENT-INFO/SYMPLT1017:department-info:8082: registering service...
2025-03-22 17:20:57 - Tomcat started on port 8082 (http) with context path '/'
2025-03-22 17:20:57 - Updating port to 8082
2025-03-22 17:20:57 - DiscoveryClient_DEPARTMENT-INFO/SYMPLT1017:department-info:8082 - registration status: 204
2025-03-22 17:20:57 - Started DepartmentInfoApplication in 15.358 seconds (process running for 16.762)
2025-03-22 17:21:27 - Disable delta property : false
2025-03-22 17:21:27 - Single vip registry refresh property : null
2025-03-22 17:21:27 - Force full registry fetch : false
2025-03-22 17:21:27 - Application is null : false
2025-03-22 17:21:27 - Registered Applications size is zero : true
2025-03-22 17:21:27 - Application version is -1: false
2025-03-22 17:21:27 - Getting all instance registry info from the eureka server
2025-03-22 17:21:27 - The response status is 200
2025-03-22 17:25:57 - Resolving eureka endpoints via configuration
2025-03-22 17:27:51 - Restarting due to 1 class path change (0 additions, 0 deletions, 1 modification)
2025-03-22 17:27:51 - Unregistering application DEPARTMENT-INFO with eureka with status DOWN
2025-03-22 17:27:51 - Saw local status change event StatusChangeEvent [timestamp=1742644671423, current=DOWN, previous=UP]
2025-03-22 17:27:51 - DiscoveryClient_DEPARTMENT-INFO/SYMPLT1017:department-info:8082: registering service...
2025-03-22 17:27:51 - Commencing graceful shutdown. Waiting for active requests to complete
2025-03-22 17:27:51 - DiscoveryClient_DEPARTMENT-INFO/SYMPLT1017:department-info:8082 - registration status: 204
2025-03-22 17:27:51 - Graceful shutdown complete
2025-03-22 17:27:51 - Closing JPA EntityManagerFactory for persistence unit 'default'
2025-03-22 17:27:51 - HikariPool-1 - Shutdown initiated...
2025-03-22 17:27:51 - HikariPool-1 - Shutdown completed.
2025-03-22 17:27:51 - Shutting down DiscoveryClient ...
2025-03-22 17:27:55 - Unregistering ...
2025-03-22 17:27:55 - DiscoveryClient_DEPARTMENT-INFO/SYMPLT1017:department-info:8082 - deregister  status: 200
2025-03-22 17:27:55 - Completed shut down of DiscoveryClient
2025-03-22 17:27:55 - Stopping service [Tomcat]
2025-03-22 17:27:57 - Fetching config from server at : http://localhost:8888
2025-03-22 17:27:57 - Exception on Url - http://localhost:8888:org.springframework.web.client.ResourceAccessException: I/O error on GET request for "http://localhost:8888/department-info/default": Connection refused: no further information. Will be trying the next url if available
2025-03-22 17:27:57 - Could not locate PropertySource: I/O error on GET request for "http://localhost:8888/department-info/default": Connection refused: no further information
2025-03-22 17:27:57 - No active profile set, falling back to 1 default profile: "default"
2025-03-22 17:27:57 - Fetching config from server at : http://localhost:9999
2025-03-22 17:27:57 - Located environment: name=department-info, profiles=[default], label=null, version=176c45b8c7d55a540d9f73a6a57e5f0d82307dc5, state=
2025-03-22 17:27:57 - Bootstrapping Spring Data JPA repositories in DEFAULT mode.
2025-03-22 17:27:57 - Finished Spring Data repository scanning in 10 ms. Found 1 JPA repository interface.
2025-03-22 17:27:57 - BeanFactory id=3d9c181e-94cd-38d5-aaa7-27ac23a42f09
2025-03-22 17:27:57 - Tomcat initialized with port 8082 (http)
2025-03-22 17:27:57 - Starting service [Tomcat]
2025-03-22 17:27:57 - Starting Servlet engine: [Apache Tomcat/10.1.34]
2025-03-22 17:27:57 - Initializing Spring embedded WebApplicationContext
2025-03-22 17:27:57 - Root WebApplicationContext: initialization completed in 586 ms
2025-03-22 17:27:58 - HHH000204: Processing PersistenceUnitInfo [name: default]
2025-03-22 17:27:58 - HHH000026: Second-level cache disabled
2025-03-22 17:27:58 - No LoadTimeWeaver setup: ignoring JPA class transformer
2025-03-22 17:27:58 - HikariPool-2 - Starting...
2025-03-22 17:27:58 - HikariPool-2 - Added connection org.postgresql.jdbc.PgConnection@1b923b8d
2025-03-22 17:27:58 - HikariPool-2 - Start completed.
2025-03-22 17:27:58 - HHH90000025: PostgreSQLDialect does not need to be specified explicitly using 'hibernate.dialect' (remove the property setting and it will be selected by default)
2025-03-22 17:27:58 - HHH10001005: Database info:
	Database JDBC URL [Connecting through datasource 'HikariDataSource (HikariPool-2)']
	Database driver: undefined/unknown
	Database version: 15.8
	Autocommit mode: undefined/unknown
	Isolation level: undefined/unknown
	Minimum pool size: undefined/unknown
	Maximum pool size: undefined/unknown
2025-03-22 17:27:58 - HHH000489: No JTA platform available (set 'hibernate.transaction.jta.platform' to enable JTA platform integration)
2025-03-22 17:27:58 - Initialized JPA EntityManagerFactory for persistence unit 'default'
2025-03-22 17:27:58 - spring.jpa.open-in-view is enabled by default. Therefore, database queries may be performed during view rendering. Explicitly configure spring.jpa.open-in-view to disable this warning
2025-03-22 17:27:59 - Unable to start LiveReload server
2025-03-22 17:27:59 - Eureka HTTP Client uses RestTemplate.
2025-03-22 17:27:59 - Spring Cloud LoadBalancer is currently working with the default cache. While this cache implementation is useful for development and tests, it's recommended to use Caffeine cache in production.You can switch to using Caffeine cache, by adding it and org.springframework.cache.caffeine.CaffeineCacheManager to the classpath.
2025-03-22 17:27:59 - Setting initial instance status as: STARTING
2025-03-22 17:27:59 - Initializing Eureka in region us-east-1
2025-03-22 17:27:59 - Resolving eureka endpoints via configuration
2025-03-22 17:27:59 - Disable delta property : false
2025-03-22 17:27:59 - Single vip registry refresh property : null
2025-03-22 17:27:59 - Force full registry fetch : false
2025-03-22 17:27:59 - Application is null : false
2025-03-22 17:27:59 - Registered Applications size is zero : true
2025-03-22 17:27:59 - Application version is -1: true
2025-03-22 17:27:59 - Getting all instance registry info from the eureka server
2025-03-22 17:27:59 - The response status is 200
2025-03-22 17:27:59 - Starting heartbeat executor: renew interval is: 30
2025-03-22 17:27:59 - InstanceInfoReplicator onDemand update allowed rate per min is 4
2025-03-22 17:27:59 - Discovery Client initialized at timestamp 1742644679482 with initial instances count: 4
2025-03-22 17:27:59 - Registering application DEPARTMENT-INFO with eureka with status UP
2025-03-22 17:27:59 - Saw local status change event StatusChangeEvent [timestamp=1742644679485, current=UP, previous=STARTING]
2025-03-22 17:27:59 - DiscoveryClient_DEPARTMENT-INFO/SYMPLT1017:department-info:8082: registering service...
2025-03-22 17:27:59 - Tomcat started on port 8082 (http) with context path '/'
2025-03-22 17:27:59 - Updating port to 8082
2025-03-22 17:27:59 - DiscoveryClient_DEPARTMENT-INFO/SYMPLT1017:department-info:8082 - registration status: 204
2025-03-22 17:27:59 - Started DepartmentInfoApplication in 4.331 seconds (process running for 438.403)
2025-03-22 17:27:59 - Condition evaluation unchanged
2025-03-22 17:28:00 - Restarting due to 1 class path change (0 additions, 0 deletions, 1 modification)
2025-03-22 17:28:00 - Unregistering application DEPARTMENT-INFO with eureka with status DOWN
2025-03-22 17:28:00 - Saw local status change event StatusChangeEvent [timestamp=1742644680543, current=DOWN, previous=UP]
2025-03-22 17:28:00 - DiscoveryClient_DEPARTMENT-INFO/SYMPLT1017:department-info:8082: registering service...
2025-03-22 17:28:00 - Commencing graceful shutdown. Waiting for active requests to complete
2025-03-22 17:28:00 - DiscoveryClient_DEPARTMENT-INFO/SYMPLT1017:department-info:8082 - registration status: 204
2025-03-22 17:28:00 - Graceful shutdown complete
2025-03-22 17:28:00 - Closing JPA EntityManagerFactory for persistence unit 'default'
2025-03-22 17:28:00 - HikariPool-2 - Shutdown initiated...
2025-03-22 17:28:00 - HikariPool-2 - Shutdown completed.
2025-03-22 17:28:00 - Shutting down DiscoveryClient ...
2025-03-22 17:28:09 - Fetching config from server at : http://localhost:8888
2025-03-22 17:28:09 - Exception on Url - http://localhost:8888:org.springframework.web.client.ResourceAccessException: I/O error on GET request for "http://localhost:8888/department-info/default": Connection refused: no further information. Will be trying the next url if available
2025-03-22 17:28:09 - Could not locate PropertySource: I/O error on GET request for "http://localhost:8888/department-info/default": Connection refused: no further information
2025-03-22 17:28:09 - No active profile set, falling back to 1 default profile: "default"
2025-03-22 17:28:09 - Fetching config from server at : http://localhost:9999
2025-03-22 17:28:09 - Located environment: name=department-info, profiles=[default], label=null, version=176c45b8c7d55a540d9f73a6a57e5f0d82307dc5, state=
2025-03-22 17:28:10 - Bootstrapping Spring Data JPA repositories in DEFAULT mode.
2025-03-22 17:28:10 - Finished Spring Data repository scanning in 205 ms. Found 1 JPA repository interface.
2025-03-22 17:28:10 - BeanFactory id=3d9c181e-94cd-38d5-aaa7-27ac23a42f09
2025-03-22 17:28:11 - Tomcat initialized with port 8082 (http)
2025-03-22 17:28:11 - Starting service [Tomcat]
2025-03-22 17:28:11 - Starting Servlet engine: [Apache Tomcat/10.1.34]
2025-03-22 17:28:11 - Initializing Spring embedded WebApplicationContext
2025-03-22 17:28:11 - Root WebApplicationContext: initialization completed in 2568 ms
2025-03-22 17:28:11 - HHH000204: Processing PersistenceUnitInfo [name: default]
2025-03-22 17:28:12 - HHH000412: Hibernate ORM core version 6.6.5.Final
2025-03-22 17:28:12 - HHH000026: Second-level cache disabled
2025-03-22 17:28:12 - No LoadTimeWeaver setup: ignoring JPA class transformer
2025-03-22 17:28:12 - HikariPool-1 - Starting...
2025-03-22 17:28:13 - HikariPool-1 - Added connection org.postgresql.jdbc.PgConnection@7763371b
2025-03-22 17:28:13 - HikariPool-1 - Start completed.
2025-03-22 17:28:13 - HHH90000025: PostgreSQLDialect does not need to be specified explicitly using 'hibernate.dialect' (remove the property setting and it will be selected by default)
2025-03-22 17:28:13 - HHH10001005: Database info:
	Database JDBC URL [Connecting through datasource 'HikariDataSource (HikariPool-1)']
	Database driver: undefined/unknown
	Database version: 15.8
	Autocommit mode: undefined/unknown
	Isolation level: undefined/unknown
	Minimum pool size: undefined/unknown
	Maximum pool size: undefined/unknown
2025-03-22 17:28:14 - HHH000489: No JTA platform available (set 'hibernate.transaction.jta.platform' to enable JTA platform integration)
2025-03-22 17:28:15 - Initialized JPA EntityManagerFactory for persistence unit 'default'
2025-03-22 17:28:15 - spring.jpa.open-in-view is enabled by default. Therefore, database queries may be performed during view rendering. Explicitly configure spring.jpa.open-in-view to disable this warning
2025-03-22 17:28:17 - Unable to start LiveReload server
2025-03-22 17:28:17 - Eureka HTTP Client uses RestTemplate.
2025-03-22 17:28:18 - Spring Cloud LoadBalancer is currently working with the default cache. While this cache implementation is useful for development and tests, it's recommended to use Caffeine cache in production.You can switch to using Caffeine cache, by adding it and org.springframework.cache.caffeine.CaffeineCacheManager to the classpath.
2025-03-22 17:28:18 - Setting initial instance status as: STARTING
2025-03-22 17:28:18 - Initializing Eureka in region us-east-1
2025-03-22 17:28:18 - Resolving eureka endpoints via configuration
2025-03-22 17:28:18 - Disable delta property : false
2025-03-22 17:28:18 - Single vip registry refresh property : null
2025-03-22 17:28:18 - Force full registry fetch : false
2025-03-22 17:28:18 - Application is null : false
2025-03-22 17:28:18 - Registered Applications size is zero : true
2025-03-22 17:28:18 - Application version is -1: true
2025-03-22 17:28:18 - Getting all instance registry info from the eureka server
2025-03-22 17:28:18 - The response status is 200
2025-03-22 17:28:18 - Starting heartbeat executor: renew interval is: 30
2025-03-22 17:28:18 - InstanceInfoReplicator onDemand update allowed rate per min is 4
2025-03-22 17:28:18 - Discovery Client initialized at timestamp 1742644698546 with initial instances count: 5
2025-03-22 17:28:18 - Registering application DEPARTMENT-INFO with eureka with status UP
2025-03-22 17:28:18 - Saw local status change event StatusChangeEvent [timestamp=1742644698556, current=UP, previous=STARTING]
2025-03-22 17:28:18 - DiscoveryClient_DEPARTMENT-INFO/SYMPLT1017:department-info:8082: registering service...
2025-03-22 17:28:18 - Tomcat started on port 8082 (http) with context path '/'
2025-03-22 17:28:18 - Updating port to 8082
2025-03-22 17:28:18 - DiscoveryClient_DEPARTMENT-INFO/SYMPLT1017:department-info:8082 - registration status: 204
2025-03-22 17:28:18 - Started DepartmentInfoApplication in 13.282 seconds (process running for 14.469)
2025-03-22 17:33:00 - Restarting due to 1 class path change (0 additions, 0 deletions, 1 modification)
2025-03-22 17:33:01 - Unregistering application DEPARTMENT-INFO with eureka with status DOWN
2025-03-22 17:33:01 - Saw local status change event StatusChangeEvent [timestamp=1742644981002, current=DOWN, previous=UP]
2025-03-22 17:33:01 - DiscoveryClient_DEPARTMENT-INFO/SYMPLT1017:department-info:8082: registering service...
2025-03-22 17:33:01 - Commencing graceful shutdown. Waiting for active requests to complete
2025-03-22 17:33:01 - DiscoveryClient_DEPARTMENT-INFO/SYMPLT1017:department-info:8082 - registration status: 204
2025-03-22 17:33:01 - Graceful shutdown complete
2025-03-22 17:33:01 - Closing JPA EntityManagerFactory for persistence unit 'default'
2025-03-22 17:33:01 - HikariPool-1 - Shutdown initiated...
2025-03-22 17:33:01 - HikariPool-1 - Shutdown completed.
2025-03-22 17:33:01 - Shutting down DiscoveryClient ...
2025-03-22 17:33:04 - Unregistering ...
2025-03-22 17:33:04 - DiscoveryClient_DEPARTMENT-INFO/SYMPLT1017:department-info:8082 - deregister  status: 200
2025-03-22 17:33:04 - Completed shut down of DiscoveryClient
2025-03-22 17:33:04 - Stopping service [Tomcat]
2025-03-22 17:33:06 - Fetching config from server at : http://localhost:8888
2025-03-22 17:33:06 - Exception on Url - http://localhost:8888:org.springframework.web.client.ResourceAccessException: I/O error on GET request for "http://localhost:8888/department-info/default": Connection refused: no further information. Will be trying the next url if available
2025-03-22 17:33:06 - Could not locate PropertySource: I/O error on GET request for "http://localhost:8888/department-info/default": Connection refused: no further information
2025-03-22 17:33:06 - No active profile set, falling back to 1 default profile: "default"
2025-03-22 17:33:06 - Fetching config from server at : http://localhost:9999
2025-03-22 17:33:06 - Located environment: name=department-info, profiles=[default], label=null, version=176c45b8c7d55a540d9f73a6a57e5f0d82307dc5, state=
2025-03-22 17:33:06 - Bootstrapping Spring Data JPA repositories in DEFAULT mode.
2025-03-22 17:33:06 - Finished Spring Data repository scanning in 9 ms. Found 1 JPA repository interface.
2025-03-22 17:33:06 - BeanFactory id=3d9c181e-94cd-38d5-aaa7-27ac23a42f09
2025-03-22 17:33:07 - Tomcat initialized with port 8082 (http)
2025-03-22 17:33:07 - Starting service [Tomcat]
2025-03-22 17:33:07 - Starting Servlet engine: [Apache Tomcat/10.1.34]
2025-03-22 17:33:07 - Initializing Spring embedded WebApplicationContext
2025-03-22 17:33:07 - Root WebApplicationContext: initialization completed in 740 ms
2025-03-22 17:33:07 - HHH000204: Processing PersistenceUnitInfo [name: default]
2025-03-22 17:33:07 - HHH000026: Second-level cache disabled
2025-03-22 17:33:07 - No LoadTimeWeaver setup: ignoring JPA class transformer
2025-03-22 17:33:07 - HikariPool-2 - Starting...
2025-03-22 17:33:07 - HikariPool-2 - Added connection org.postgresql.jdbc.PgConnection@66ac796f
2025-03-22 17:33:07 - HikariPool-2 - Start completed.
2025-03-22 17:33:07 - HHH90000025: PostgreSQLDialect does not need to be specified explicitly using 'hibernate.dialect' (remove the property setting and it will be selected by default)
2025-03-22 17:33:07 - HHH10001005: Database info:
	Database JDBC URL [Connecting through datasource 'HikariDataSource (HikariPool-2)']
	Database driver: undefined/unknown
	Database version: 15.8
	Autocommit mode: undefined/unknown
	Isolation level: undefined/unknown
	Minimum pool size: undefined/unknown
	Maximum pool size: undefined/unknown
2025-03-22 17:33:07 - HHH000489: No JTA platform available (set 'hibernate.transaction.jta.platform' to enable JTA platform integration)
2025-03-22 17:33:07 - Initialized JPA EntityManagerFactory for persistence unit 'default'
2025-03-22 17:33:08 - spring.jpa.open-in-view is enabled by default. Therefore, database queries may be performed during view rendering. Explicitly configure spring.jpa.open-in-view to disable this warning
2025-03-22 17:33:08 - Unable to start LiveReload server
2025-03-22 17:33:08 - Eureka HTTP Client uses RestTemplate.
2025-03-22 17:33:08 - Spring Cloud LoadBalancer is currently working with the default cache. While this cache implementation is useful for development and tests, it's recommended to use Caffeine cache in production.You can switch to using Caffeine cache, by adding it and org.springframework.cache.caffeine.CaffeineCacheManager to the classpath.
2025-03-22 17:33:08 - Setting initial instance status as: STARTING
2025-03-22 17:33:08 - Initializing Eureka in region us-east-1
2025-03-22 17:33:08 - Resolving eureka endpoints via configuration
2025-03-22 17:33:08 - Disable delta property : false
2025-03-22 17:33:08 - Single vip registry refresh property : null
2025-03-22 17:33:08 - Force full registry fetch : false
2025-03-22 17:33:08 - Application is null : false
2025-03-22 17:33:08 - Registered Applications size is zero : true
2025-03-22 17:33:08 - Application version is -1: true
2025-03-22 17:33:08 - Getting all instance registry info from the eureka server
2025-03-22 17:33:08 - The response status is 200
2025-03-22 17:33:08 - Starting heartbeat executor: renew interval is: 30
2025-03-22 17:33:08 - InstanceInfoReplicator onDemand update allowed rate per min is 4
2025-03-22 17:33:08 - Discovery Client initialized at timestamp 1742644988754 with initial instances count: 4
2025-03-22 17:33:08 - Registering application DEPARTMENT-INFO with eureka with status UP
2025-03-22 17:33:08 - Saw local status change event StatusChangeEvent [timestamp=1742644988758, current=UP, previous=STARTING]
2025-03-22 17:33:08 - DiscoveryClient_DEPARTMENT-INFO/SYMPLT1017:department-info:8082: registering service...
2025-03-22 17:33:08 - Tomcat started on port 8082 (http) with context path '/'
2025-03-22 17:33:08 - Updating port to 8082
2025-03-22 17:33:08 - DiscoveryClient_DEPARTMENT-INFO/SYMPLT1017:department-info:8082 - registration status: 204
2025-03-22 17:33:08 - Started DepartmentInfoApplication in 4.499 seconds (process running for 304.588)
2025-03-22 17:33:08 - Condition evaluation unchanged
2025-03-22 17:33:51 - Application shutdown requested.
2025-03-22 17:33:51 - Unregistering application DEPARTMENT-INFO with eureka with status DOWN
2025-03-22 17:33:51 - Saw local status change event StatusChangeEvent [timestamp=1742645031543, current=DOWN, previous=UP]
2025-03-22 17:33:51 - DiscoveryClient_DEPARTMENT-INFO/SYMPLT1017:department-info:8082: registering service...
2025-03-22 17:33:51 - Commencing graceful shutdown. Waiting for active requests to complete
2025-03-22 17:33:51 - DiscoveryClient_DEPARTMENT-INFO/SYMPLT1017:department-info:8082 - registration status: 204
2025-03-22 17:33:51 - Graceful shutdown complete
2025-03-22 17:33:51 - Closing JPA EntityManagerFactory for persistence unit 'default'
2025-03-22 17:33:51 - HikariPool-2 - Shutdown initiated...
2025-03-22 17:33:52 - HikariPool-2 - Shutdown completed.
2025-03-22 17:33:52 - Shutting down DiscoveryClient ...
2025-03-22 17:33:55 - Unregistering ...
2025-03-22 17:33:55 - DiscoveryClient_DEPARTMENT-INFO/SYMPLT1017:department-info:8082 - deregister  status: 200
2025-03-22 17:33:55 - Completed shut down of DiscoveryClient
2025-03-22 17:33:55 - Stopping service [Tomcat]
2025-03-22 17:34:01 - Fetching config from server at : http://localhost:8888
2025-03-22 17:34:01 - Exception on Url - http://localhost:8888:org.springframework.web.client.ResourceAccessException: I/O error on GET request for "http://localhost:8888/department-info/default": Connection refused: no further information. Will be trying the next url if available
2025-03-22 17:34:01 - Could not locate PropertySource: I/O error on GET request for "http://localhost:8888/department-info/default": Connection refused: no further information
2025-03-22 17:34:01 - No active profile set, falling back to 1 default profile: "default"
2025-03-22 17:34:01 - Fetching config from server at : http://localhost:9999
2025-03-22 17:34:01 - Located environment: name=department-info, profiles=[default], label=null, version=176c45b8c7d55a540d9f73a6a57e5f0d82307dc5, state=
2025-03-22 17:34:02 - Bootstrapping Spring Data JPA repositories in DEFAULT mode.
2025-03-22 17:34:02 - Finished Spring Data repository scanning in 208 ms. Found 1 JPA repository interface.
2025-03-22 17:34:03 - BeanFactory id=3d9c181e-94cd-38d5-aaa7-27ac23a42f09
2025-03-22 17:34:03 - Tomcat initialized with port 8082 (http)
2025-03-22 17:34:03 - Starting service [Tomcat]
2025-03-22 17:34:03 - Starting Servlet engine: [Apache Tomcat/10.1.34]
2025-03-22 17:34:03 - Initializing Spring embedded WebApplicationContext
2025-03-22 17:34:03 - Root WebApplicationContext: initialization completed in 2177 ms
2025-03-22 17:34:04 - HHH000204: Processing PersistenceUnitInfo [name: default]
2025-03-22 17:34:04 - HHH000412: Hibernate ORM core version 6.6.5.Final
2025-03-22 17:34:04 - HHH000026: Second-level cache disabled
2025-03-22 17:34:04 - No LoadTimeWeaver setup: ignoring JPA class transformer
2025-03-22 17:34:04 - HikariPool-1 - Starting...
2025-03-22 17:34:05 - HikariPool-1 - Added connection org.postgresql.jdbc.PgConnection@2e4e7885
2025-03-22 17:34:05 - HikariPool-1 - Start completed.
2025-03-22 17:34:05 - HHH90000025: PostgreSQLDialect does not need to be specified explicitly using 'hibernate.dialect' (remove the property setting and it will be selected by default)
2025-03-22 17:34:05 - HHH10001005: Database info:
	Database JDBC URL [Connecting through datasource 'HikariDataSource (HikariPool-1)']
	Database driver: undefined/unknown
	Database version: 15.8
	Autocommit mode: undefined/unknown
	Isolation level: undefined/unknown
	Minimum pool size: undefined/unknown
	Maximum pool size: undefined/unknown
2025-03-22 17:34:06 - HHH000489: No JTA platform available (set 'hibernate.transaction.jta.platform' to enable JTA platform integration)
2025-03-22 17:34:06 - Initialized JPA EntityManagerFactory for persistence unit 'default'
2025-03-22 17:34:07 - spring.jpa.open-in-view is enabled by default. Therefore, database queries may be performed during view rendering. Explicitly configure spring.jpa.open-in-view to disable this warning
2025-03-22 17:34:08 - Unable to start LiveReload server
2025-03-22 17:34:08 - Eureka HTTP Client uses RestTemplate.
2025-03-22 17:34:08 - Spring Cloud LoadBalancer is currently working with the default cache. While this cache implementation is useful for development and tests, it's recommended to use Caffeine cache in production.You can switch to using Caffeine cache, by adding it and org.springframework.cache.caffeine.CaffeineCacheManager to the classpath.
2025-03-22 17:34:08 - Setting initial instance status as: STARTING
2025-03-22 17:34:08 - Initializing Eureka in region us-east-1
2025-03-22 17:34:08 - Resolving eureka endpoints via configuration
2025-03-22 17:34:08 - Disable delta property : false
2025-03-22 17:34:08 - Single vip registry refresh property : null
2025-03-22 17:34:08 - Force full registry fetch : false
2025-03-22 17:34:08 - Application is null : false
2025-03-22 17:34:08 - Registered Applications size is zero : true
2025-03-22 17:34:08 - Application version is -1: true
2025-03-22 17:34:08 - Getting all instance registry info from the eureka server
2025-03-22 17:34:09 - The response status is 200
2025-03-22 17:34:09 - Starting heartbeat executor: renew interval is: 30
2025-03-22 17:34:09 - InstanceInfoReplicator onDemand update allowed rate per min is 4
2025-03-22 17:34:09 - Discovery Client initialized at timestamp 1742645049088 with initial instances count: 1
2025-03-22 17:34:09 - Registering application DEPARTMENT-INFO with eureka with status UP
2025-03-22 17:34:09 - Saw local status change event StatusChangeEvent [timestamp=1742645049097, current=UP, previous=STARTING]
2025-03-22 17:34:09 - DiscoveryClient_DEPARTMENT-INFO/SYMPLT1017:department-info:8082: registering service...
2025-03-22 17:34:09 - Tomcat started on port 8082 (http) with context path '/'
2025-03-22 17:34:09 - Updating port to 8082
2025-03-22 17:34:09 - DiscoveryClient_DEPARTMENT-INFO/SYMPLT1017:department-info:8082 - registration status: 204
2025-03-22 17:34:09 - Started DepartmentInfoApplication in 11.334 seconds (process running for 12.262)
2025-03-22 17:39:08 - Resolving eureka endpoints via configuration
2025-03-22 17:43:16 - Application shutdown requested.
2025-03-22 17:43:16 - Unregistering application DEPARTMENT-INFO with eureka with status DOWN
2025-03-22 17:43:16 - Saw local status change event StatusChangeEvent [timestamp=1742645596295, current=DOWN, previous=UP]
2025-03-22 17:43:16 - DiscoveryClient_DEPARTMENT-INFO/SYMPLT1017:department-info:8082: registering service...
2025-03-22 17:43:16 - Commencing graceful shutdown. Waiting for active requests to complete
2025-03-22 17:43:16 - DiscoveryClient_DEPARTMENT-INFO/SYMPLT1017:department-info:8082 - registration status: 204
2025-03-22 17:43:16 - Graceful shutdown complete
2025-03-22 17:43:16 - Closing JPA EntityManagerFactory for persistence unit 'default'
2025-03-22 17:43:16 - HikariPool-1 - Shutdown initiated...
2025-03-22 17:43:16 - HikariPool-1 - Shutdown completed.
2025-03-22 17:43:16 - Shutting down DiscoveryClient ...
2025-03-22 17:43:19 - Unregistering ...
2025-03-22 17:43:19 - DiscoveryClient_DEPARTMENT-INFO/SYMPLT1017:department-info:8082 - deregister  status: 200
2025-03-22 17:43:19 - Completed shut down of DiscoveryClient
2025-03-22 17:43:19 - Stopping service [Tomcat]
2025-03-22 17:43:36 - Fetching config from server at : http://localhost:8888
2025-03-22 17:43:36 - Exception on Url - http://localhost:8888:org.springframework.web.client.ResourceAccessException: I/O error on GET request for "http://localhost:8888/department-info/default": Connection refused: no further information. Will be trying the next url if available
2025-03-22 17:43:36 - Could not locate PropertySource: I/O error on GET request for "http://localhost:8888/department-info/default": Connection refused: no further information
2025-03-22 17:43:36 - No active profile set, falling back to 1 default profile: "default"
2025-03-22 17:43:36 - Fetching config from server at : http://localhost:9999
2025-03-22 17:43:36 - Located environment: name=department-info, profiles=[default], label=null, version=176c45b8c7d55a540d9f73a6a57e5f0d82307dc5, state=
2025-03-22 17:43:37 - Bootstrapping Spring Data JPA repositories in DEFAULT mode.
2025-03-22 17:43:37 - Finished Spring Data repository scanning in 200 ms. Found 1 JPA repository interface.
2025-03-22 17:43:37 - BeanFactory id=3d9c181e-94cd-38d5-aaa7-27ac23a42f09
2025-03-22 17:43:38 - Tomcat initialized with port 8082 (http)
2025-03-22 17:43:38 - Starting service [Tomcat]
2025-03-22 17:43:38 - Starting Servlet engine: [Apache Tomcat/10.1.34]
2025-03-22 17:43:38 - Initializing Spring embedded WebApplicationContext
2025-03-22 17:43:38 - Root WebApplicationContext: initialization completed in 2525 ms
2025-03-22 17:43:39 - HHH000204: Processing PersistenceUnitInfo [name: default]
2025-03-22 17:43:39 - HHH000412: Hibernate ORM core version 6.6.5.Final
2025-03-22 17:43:39 - HHH000026: Second-level cache disabled
2025-03-22 17:43:39 - No LoadTimeWeaver setup: ignoring JPA class transformer
2025-03-22 17:43:39 - HikariPool-1 - Starting...
2025-03-22 17:43:40 - HikariPool-1 - Added connection org.postgresql.jdbc.PgConnection@2e4e7885
2025-03-22 17:43:40 - HikariPool-1 - Start completed.
2025-03-22 17:43:40 - HHH90000025: PostgreSQLDialect does not need to be specified explicitly using 'hibernate.dialect' (remove the property setting and it will be selected by default)
2025-03-22 17:43:40 - HHH10001005: Database info:
	Database JDBC URL [Connecting through datasource 'HikariDataSource (HikariPool-1)']
	Database driver: undefined/unknown
	Database version: 15.8
	Autocommit mode: undefined/unknown
	Isolation level: undefined/unknown
	Minimum pool size: undefined/unknown
	Maximum pool size: undefined/unknown
2025-03-22 17:43:41 - HHH000489: No JTA platform available (set 'hibernate.transaction.jta.platform' to enable JTA platform integration)
2025-03-22 17:43:41 - Initialized JPA EntityManagerFactory for persistence unit 'default'
2025-03-22 17:43:41 - spring.jpa.open-in-view is enabled by default. Therefore, database queries may be performed during view rendering. Explicitly configure spring.jpa.open-in-view to disable this warning
2025-03-22 17:43:42 - Unable to start LiveReload server
2025-03-22 17:43:43 - Eureka HTTP Client uses RestTemplate.
2025-03-22 17:43:43 - Spring Cloud LoadBalancer is currently working with the default cache. While this cache implementation is useful for development and tests, it's recommended to use Caffeine cache in production.You can switch to using Caffeine cache, by adding it and org.springframework.cache.caffeine.CaffeineCacheManager to the classpath.
2025-03-22 17:43:43 - Setting initial instance status as: STARTING
2025-03-22 17:43:43 - Initializing Eureka in region us-east-1
2025-03-22 17:43:43 - Resolving eureka endpoints via configuration
2025-03-22 17:43:43 - Disable delta property : false
2025-03-22 17:43:43 - Single vip registry refresh property : null
2025-03-22 17:43:43 - Force full registry fetch : false
2025-03-22 17:43:43 - Application is null : false
2025-03-22 17:43:43 - Registered Applications size is zero : true
2025-03-22 17:43:43 - Application version is -1: true
2025-03-22 17:43:43 - Getting all instance registry info from the eureka server
2025-03-22 17:43:43 - The response status is 200
2025-03-22 17:43:43 - Starting heartbeat executor: renew interval is: 30
2025-03-22 17:43:43 - InstanceInfoReplicator onDemand update allowed rate per min is 4
2025-03-22 17:43:43 - Discovery Client initialized at timestamp 1742645623772 with initial instances count: 1
2025-03-22 17:43:43 - Registering application DEPARTMENT-INFO with eureka with status UP
2025-03-22 17:43:43 - Saw local status change event StatusChangeEvent [timestamp=1742645623778, current=UP, previous=STARTING]
2025-03-22 17:43:43 - DiscoveryClient_DEPARTMENT-INFO/SYMPLT1017:department-info:8082: registering service...
2025-03-22 17:43:43 - Tomcat started on port 8082 (http) with context path '/'
2025-03-22 17:43:43 - Updating port to 8082
2025-03-22 17:43:43 - DiscoveryClient_DEPARTMENT-INFO/SYMPLT1017:department-info:8082 - registration status: 204
2025-03-22 17:43:44 - Started DepartmentInfoApplication in 11.433 seconds (process running for 12.629)
2025-03-22 17:47:56 - Application shutdown requested.
2025-03-22 17:47:56 - Unregistering application DEPARTMENT-INFO with eureka with status DOWN
2025-03-22 17:47:56 - Saw local status change event StatusChangeEvent [timestamp=1742645876934, current=DOWN, previous=UP]
2025-03-22 17:47:56 - DiscoveryClient_DEPARTMENT-INFO/SYMPLT1017:department-info:8082: registering service...
2025-03-22 17:47:56 - Commencing graceful shutdown. Waiting for active requests to complete
2025-03-22 17:47:56 - DiscoveryClient_DEPARTMENT-INFO/SYMPLT1017:department-info:8082 - registration status: 204
2025-03-22 17:47:57 - Graceful shutdown complete
2025-03-22 17:47:57 - Closing JPA EntityManagerFactory for persistence unit 'default'
2025-03-22 17:47:57 - HikariPool-1 - Shutdown initiated...
2025-03-22 17:47:57 - HikariPool-1 - Shutdown completed.
2025-03-22 17:47:57 - Shutting down DiscoveryClient ...
2025-03-22 17:48:00 - Unregistering ...
2025-03-22 17:48:00 - DiscoveryClient_DEPARTMENT-INFO/SYMPLT1017:department-info:8082 - deregister  status: 200
2025-03-22 17:48:00 - Completed shut down of DiscoveryClient
2025-03-22 17:48:00 - Stopping service [Tomcat]
2025-03-22 17:48:10 - Fetching config from server at : http://localhost:8888
2025-03-22 17:48:10 - Exception on Url - http://localhost:8888:org.springframework.web.client.ResourceAccessException: I/O error on GET request for "http://localhost:8888/department-info/default": Connection refused: no further information. Will be trying the next url if available
2025-03-22 17:48:10 - Could not locate PropertySource: I/O error on GET request for "http://localhost:8888/department-info/default": Connection refused: no further information
2025-03-22 17:48:10 - No active profile set, falling back to 1 default profile: "default"
2025-03-22 17:48:10 - Fetching config from server at : http://localhost:9999
2025-03-22 17:48:10 - Located environment: name=department-info, profiles=[default], label=null, version=176c45b8c7d55a540d9f73a6a57e5f0d82307dc5, state=
2025-03-22 17:48:11 - Bootstrapping Spring Data JPA repositories in DEFAULT mode.
2025-03-22 17:48:11 - Finished Spring Data repository scanning in 202 ms. Found 1 JPA repository interface.
2025-03-22 17:48:11 - BeanFactory id=3d9c181e-94cd-38d5-aaa7-27ac23a42f09
2025-03-22 17:48:12 - Tomcat initialized with port 8082 (http)
2025-03-22 17:48:12 - Starting service [Tomcat]
2025-03-22 17:48:12 - Starting Servlet engine: [Apache Tomcat/10.1.34]
2025-03-22 17:48:12 - Initializing Spring embedded WebApplicationContext
2025-03-22 17:48:12 - Root WebApplicationContext: initialization completed in 2258 ms
2025-03-22 17:48:13 - HHH000204: Processing PersistenceUnitInfo [name: default]
2025-03-22 17:48:13 - HHH000412: Hibernate ORM core version 6.6.5.Final
2025-03-22 17:48:13 - HHH000026: Second-level cache disabled
2025-03-22 17:48:13 - No LoadTimeWeaver setup: ignoring JPA class transformer
2025-03-22 17:48:13 - HikariPool-1 - Starting...
2025-03-22 17:48:14 - HikariPool-1 - Added connection org.postgresql.jdbc.PgConnection@2f68f2ce
2025-03-22 17:48:14 - HikariPool-1 - Start completed.
2025-03-22 17:48:14 - HHH90000025: PostgreSQLDialect does not need to be specified explicitly using 'hibernate.dialect' (remove the property setting and it will be selected by default)
2025-03-22 17:48:14 - HHH10001005: Database info:
	Database JDBC URL [Connecting through datasource 'HikariDataSource (HikariPool-1)']
	Database driver: undefined/unknown
	Database version: 15.8
	Autocommit mode: undefined/unknown
	Isolation level: undefined/unknown
	Minimum pool size: undefined/unknown
	Maximum pool size: undefined/unknown
2025-03-22 17:48:15 - HHH000489: No JTA platform available (set 'hibernate.transaction.jta.platform' to enable JTA platform integration)
2025-03-22 17:48:15 - Initialized JPA EntityManagerFactory for persistence unit 'default'
2025-03-22 17:48:16 - spring.jpa.open-in-view is enabled by default. Therefore, database queries may be performed during view rendering. Explicitly configure spring.jpa.open-in-view to disable this warning
2025-03-22 17:48:17 - Unable to start LiveReload server
2025-03-22 17:48:18 - Eureka HTTP Client uses RestTemplate.
2025-03-22 17:48:18 - Spring Cloud LoadBalancer is currently working with the default cache. While this cache implementation is useful for development and tests, it's recommended to use Caffeine cache in production.You can switch to using Caffeine cache, by adding it and org.springframework.cache.caffeine.CaffeineCacheManager to the classpath.
2025-03-22 17:48:18 - Setting initial instance status as: STARTING
2025-03-22 17:48:18 - Initializing Eureka in region us-east-1
2025-03-22 17:48:18 - Resolving eureka endpoints via configuration
2025-03-22 17:48:18 - Disable delta property : false
2025-03-22 17:48:18 - Single vip registry refresh property : null
2025-03-22 17:48:18 - Force full registry fetch : false
2025-03-22 17:48:18 - Application is null : false
2025-03-22 17:48:18 - Registered Applications size is zero : true
2025-03-22 17:48:18 - Application version is -1: true
2025-03-22 17:48:18 - Getting all instance registry info from the eureka server
2025-03-22 17:48:18 - The response status is 200
2025-03-22 17:48:18 - Starting heartbeat executor: renew interval is: 30
2025-03-22 17:48:18 - InstanceInfoReplicator onDemand update allowed rate per min is 4
2025-03-22 17:48:18 - Discovery Client initialized at timestamp 1742645898613 with initial instances count: 4
2025-03-22 17:48:18 - Registering application DEPARTMENT-INFO with eureka with status UP
2025-03-22 17:48:18 - Saw local status change event StatusChangeEvent [timestamp=1742645898623, current=UP, previous=STARTING]
2025-03-22 17:48:18 - DiscoveryClient_DEPARTMENT-INFO/SYMPLT1017:department-info:8082: registering service...
2025-03-22 17:48:18 - Tomcat started on port 8082 (http) with context path '/'
2025-03-22 17:48:18 - Updating port to 8082
2025-03-22 17:48:18 - DiscoveryClient_DEPARTMENT-INFO/SYMPLT1017:department-info:8082 - registration status: 204
2025-03-22 17:48:18 - Started DepartmentInfoApplication in 11.82 seconds (process running for 13.04)
2025-03-22 17:53:18 - Resolving eureka endpoints via configuration
2025-03-22 17:53:41 - Application shutdown requested.
2025-03-22 17:53:41 - Unregistering application DEPARTMENT-INFO with eureka with status DOWN
2025-03-22 17:53:41 - Saw local status change event StatusChangeEvent [timestamp=1742646221411, current=DOWN, previous=UP]
2025-03-22 17:53:41 - DiscoveryClient_DEPARTMENT-INFO/SYMPLT1017:department-info:8082: registering service...
2025-03-22 17:53:41 - Commencing graceful shutdown. Waiting for active requests to complete
2025-03-22 17:53:41 - DiscoveryClient_DEPARTMENT-INFO/SYMPLT1017:department-info:8082 - registration status: 204
2025-03-22 17:53:41 - Graceful shutdown complete
2025-03-22 17:53:41 - Closing JPA EntityManagerFactory for persistence unit 'default'
2025-03-22 17:53:41 - HikariPool-1 - Shutdown initiated...
2025-03-22 17:53:42 - HikariPool-1 - Shutdown completed.
2025-03-22 17:53:42 - Shutting down DiscoveryClient ...
2025-03-22 17:53:45 - Unregistering ...
2025-03-22 17:53:45 - Request execution error. endpoint=DefaultEndpoint{ serviceUrl='http://localhost:8761/eureka/} exception=I/O error on DELETE request for "http://localhost:8761/eureka/apps/DEPARTMENT-INFO/SYMPLT1017:department-info:8082": Connect to http://localhost:8761 [localhost/127.0.0.1, localhost/0:0:0:0:0:0:0:1] failed: Connection refused: no further information stacktrace=org.springframework.web.client.ResourceAccessException: I/O error on DELETE request for "http://localhost:8761/eureka/apps/DEPARTMENT-INFO/SYMPLT1017:department-info:8082": Connect to http://localhost:8761 [localhost/127.0.0.1, localhost/0:0:0:0:0:0:0:1] failed: Connection refused: no further information
	at org.springframework.web.client.RestTemplate.createResourceAccessException(RestTemplate.java:926)
	at org.springframework.web.client.RestTemplate.doExecute(RestTemplate.java:906)
	at org.springframework.web.client.RestTemplate.execute(RestTemplate.java:841)
	at org.springframework.web.client.RestTemplate.exchange(RestTemplate.java:702)
	at org.springframework.cloud.netflix.eureka.http.RestTemplateEurekaHttpClient.cancel(RestTemplateEurekaHttpClient.java:100)
	at com.netflix.discovery.shared.transport.decorator.EurekaHttpClientDecorator$2.execute(EurekaHttpClientDecorator.java:74)
	at com.netflix.discovery.shared.transport.decorator.RedirectingEurekaHttpClient.execute(RedirectingEurekaHttpClient.java:91)
	at com.netflix.discovery.shared.transport.decorator.EurekaHttpClientDecorator.cancel(EurekaHttpClientDecorator.java:71)
	at com.netflix.discovery.shared.transport.decorator.EurekaHttpClientDecorator$2.execute(EurekaHttpClientDecorator.java:74)
	at com.netflix.discovery.shared.transport.decorator.RetryableEurekaHttpClient.execute(RetryableEurekaHttpClient.java:120)
	at com.netflix.discovery.shared.transport.decorator.EurekaHttpClientDecorator.cancel(EurekaHttpClientDecorator.java:71)
	at com.netflix.discovery.shared.transport.decorator.EurekaHttpClientDecorator$2.execute(EurekaHttpClientDecorator.java:74)
	at com.netflix.discovery.shared.transport.decorator.SessionedEurekaHttpClient.execute(SessionedEurekaHttpClient.java:76)
	at com.netflix.discovery.shared.transport.decorator.EurekaHttpClientDecorator.cancel(EurekaHttpClientDecorator.java:71)
	at com.netflix.discovery.DiscoveryClient.unregister(DiscoveryClient.java:919)
	at com.netflix.discovery.DiscoveryClient.shutdown(DiscoveryClient.java:900)
	at java.base/jdk.internal.reflect.NativeMethodAccessorImpl.invoke0(Native Method)
	at java.base/jdk.internal.reflect.NativeMethodAccessorImpl.invoke(NativeMethodAccessorImpl.java:77)
	at java.base/jdk.internal.reflect.DelegatingMethodAccessorImpl.invoke(DelegatingMethodAccessorImpl.java:43)
	at java.base/java.lang.reflect.Method.invoke(Method.java:568)
	at org.springframework.beans.factory.annotation.InitDestroyAnnotationBeanPostProcessor$LifecycleMethod.invoke(InitDestroyAnnotationBeanPostProcessor.java:457)
	at org.springframework.beans.factory.annotation.InitDestroyAnnotationBeanPostProcessor$LifecycleMetadata.invokeDestroyMethods(InitDestroyAnnotationBeanPostProcessor.java:415)
	at org.springframework.beans.factory.annotation.InitDestroyAnnotationBeanPostProcessor.postProcessBeforeDestruction(InitDestroyAnnotationBeanPostProcessor.java:239)
	at org.springframework.beans.factory.support.DisposableBeanAdapter.destroy(DisposableBeanAdapter.java:202)
	at org.springframework.beans.factory.support.DisposableBeanAdapter.run(DisposableBeanAdapter.java:195)
	at org.springframework.cloud.context.scope.GenericScope$BeanLifecycleWrapper.destroy(GenericScope.java:389)
	at org.springframework.cloud.context.scope.GenericScope.destroy(GenericScope.java:136)
	at org.springframework.beans.factory.support.DisposableBeanAdapter.destroy(DisposableBeanAdapter.java:211)
	at org.springframework.beans.factory.support.DefaultSingletonBeanRegistry.destroyBean(DefaultSingletonBeanRegistry.java:686)
	at org.springframework.beans.factory.support.DefaultSingletonBeanRegistry.destroySingleton(DefaultSingletonBeanRegistry.java:643)
	at org.springframework.beans.factory.support.DefaultListableBeanFactory.destroySingleton(DefaultListableBeanFactory.java:1368)
	at org.springframework.beans.factory.support.DefaultSingletonBeanRegistry.destroySingletons(DefaultSingletonBeanRegistry.java:602)
	at org.springframework.beans.factory.support.DefaultListableBeanFactory.destroySingletons(DefaultListableBeanFactory.java:1361)
	at org.springframework.context.support.AbstractApplicationContext.destroyBeans(AbstractApplicationContext.java:1219)
	at org.springframework.context.support.AbstractApplicationContext.doClose(AbstractApplicationContext.java:1180)
	at org.springframework.boot.web.servlet.context.ServletWebServerApplicationContext.doClose(ServletWebServerApplicationContext.java:174)
	at org.springframework.context.support.AbstractApplicationContext.close(AbstractApplicationContext.java:1126)
	at org.springframework.boot.admin.SpringApplicationAdminMXBeanRegistrar$SpringApplicationAdmin.shutdown(SpringApplicationAdminMXBeanRegistrar.java:160)
	at java.base/jdk.internal.reflect.NativeMethodAccessorImpl.invoke0(Native Method)
	at java.base/jdk.internal.reflect.NativeMethodAccessorImpl.invoke(NativeMethodAccessorImpl.java:77)
	at java.base/jdk.internal.reflect.DelegatingMethodAccessorImpl.invoke(DelegatingMethodAccessorImpl.java:43)
	at java.base/java.lang.reflect.Method.invoke(Method.java:568)
	at sun.reflect.misc.Trampoline.invoke(MethodUtil.java:72)
	at jdk.internal.reflect.GeneratedMethodAccessor22.invoke(Unknown Source)
	at java.base/jdk.internal.reflect.DelegatingMethodAccessorImpl.invoke(DelegatingMethodAccessorImpl.java:43)
	at java.base/java.lang.reflect.Method.invoke(Method.java:568)
	at java.base/sun.reflect.misc.MethodUtil.invoke(MethodUtil.java:262)
	at java.management/com.sun.jmx.mbeanserver.ConvertingMethod.invokeWithOpenReturn(ConvertingMethod.java:193)
	at java.management/com.sun.jmx.mbeanserver.ConvertingMethod.invokeWithOpenReturn(ConvertingMethod.java:175)
	at java.management/com.sun.jmx.mbeanserver.MXBeanIntrospector.invokeM2(MXBeanIntrospector.java:117)
	at java.management/com.sun.jmx.mbeanserver.MXBeanIntrospector.invokeM2(MXBeanIntrospector.java:54)
	at java.management/com.sun.jmx.mbeanserver.MBeanIntrospector.invokeM(MBeanIntrospector.java:237)
	at java.management/com.sun.jmx.mbeanserver.PerInterface.invoke(PerInterface.java:138)
	at java.management/com.sun.jmx.mbeanserver.MBeanSupport.invoke(MBeanSupport.java:252)
	at java.management/com.sun.jmx.interceptor.DefaultMBeanServerInterceptor.invoke(DefaultMBeanServerInterceptor.java:814)
	at java.management/com.sun.jmx.mbeanserver.JmxMBeanServer.invoke(JmxMBeanServer.java:802)
	at java.management.rmi/javax.management.remote.rmi.RMIConnectionImpl.doOperation(RMIConnectionImpl.java:1472)
	at java.management.rmi/javax.management.remote.rmi.RMIConnectionImpl$PrivilegedOperation.run(RMIConnectionImpl.java:1310)
	at java.management.rmi/javax.management.remote.rmi.RMIConnectionImpl.doPrivilegedOperation(RMIConnectionImpl.java:1405)
	at java.management.rmi/javax.management.remote.rmi.RMIConnectionImpl.invoke(RMIConnectionImpl.java:829)
	at java.base/jdk.internal.reflect.GeneratedMethodAccessor23.invoke(Unknown Source)
	at java.base/jdk.internal.reflect.DelegatingMethodAccessorImpl.invoke(DelegatingMethodAccessorImpl.java:43)
	at java.base/java.lang.reflect.Method.invoke(Method.java:568)
	at java.rmi/sun.rmi.server.UnicastServerRef.dispatch(UnicastServerRef.java:360)
	at java.rmi/sun.rmi.transport.Transport$1.run(Transport.java:200)
	at java.rmi/sun.rmi.transport.Transport$1.run(Transport.java:197)
	at java.base/java.security.AccessController.doPrivileged(AccessController.java:712)
	at java.rmi/sun.rmi.transport.Transport.serviceCall(Transport.java:196)
	at java.rmi/sun.rmi.transport.tcp.TCPTransport.handleMessages(TCPTransport.java:587)
	at java.rmi/sun.rmi.transport.tcp.TCPTransport$ConnectionHandler.run0(TCPTransport.java:828)
	at java.rmi/sun.rmi.transport.tcp.TCPTransport$ConnectionHandler.lambda$run$0(TCPTransport.java:705)
	at java.base/java.security.AccessController.doPrivileged(AccessController.java:399)
	at java.rmi/sun.rmi.transport.tcp.TCPTransport$ConnectionHandler.run(TCPTransport.java:704)
	at java.base/java.util.concurrent.ThreadPoolExecutor.runWorker(ThreadPoolExecutor.java:1136)
	at java.base/java.util.concurrent.ThreadPoolExecutor$Worker.run(ThreadPoolExecutor.java:635)
	at java.base/java.lang.Thread.run(Thread.java:842)
Caused by: org.apache.hc.client5.http.HttpHostConnectException: Connect to http://localhost:8761 [localhost/127.0.0.1, localhost/0:0:0:0:0:0:0:1] failed: Connection refused: no further information
	at java.base/sun.nio.ch.Net.pollConnect(Native Method)
	at java.base/sun.nio.ch.Net.pollConnectNow(Net.java:672)
	at java.base/sun.nio.ch.NioSocketImpl.timedFinishConnect(NioSocketImpl.java:547)
	at java.base/sun.nio.ch.NioSocketImpl.connect(NioSocketImpl.java:602)
	at java.base/java.net.SocksSocketImpl.connect(SocksSocketImpl.java:327)
	at java.base/java.net.Socket.connect(Socket.java:633)
	at org.apache.hc.client5.http.impl.io.DefaultHttpClientConnectionOperator.connect(DefaultHttpClientConnectionOperator.java:216)
	at org.apache.hc.client5.http.impl.io.PoolingHttpClientConnectionManager.connect(PoolingHttpClientConnectionManager.java:490)
	at org.apache.hc.client5.http.impl.classic.InternalExecRuntime.connectEndpoint(InternalExecRuntime.java:164)
	at org.apache.hc.client5.http.impl.classic.InternalExecRuntime.connectEndpoint(InternalExecRuntime.java:174)
	at org.apache.hc.client5.http.impl.classic.ConnectExec.execute(ConnectExec.java:144)
	at org.apache.hc.client5.http.impl.classic.ExecChainElement.execute(ExecChainElement.java:51)
	at org.apache.hc.client5.http.impl.classic.ProtocolExec.execute(ProtocolExec.java:192)
	at org.apache.hc.client5.http.impl.classic.ExecChainElement.execute(ExecChainElement.java:51)
	at org.apache.hc.client5.http.impl.classic.ContentCompressionExec.execute(ContentCompressionExec.java:150)
	at org.apache.hc.client5.http.impl.classic.ExecChainElement.execute(ExecChainElement.java:51)
	at org.apache.hc.client5.http.impl.classic.HttpRequestRetryExec.execute(HttpRequestRetryExec.java:113)
	at org.apache.hc.client5.http.impl.classic.ExecChainElement.execute(ExecChainElement.java:51)
	at org.apache.hc.client5.http.impl.classic.RedirectExec.execute(RedirectExec.java:110)
	at org.apache.hc.client5.http.impl.classic.ExecChainElement.execute(ExecChainElement.java:51)
	at org.apache.hc.client5.http.impl.classic.InternalHttpClient.doExecute(InternalHttpClient.java:174)
	at org.apache.hc.client5.http.impl.classic.CloseableHttpClient.execute(CloseableHttpClient.java:87)
	at org.apache.hc.client5.http.impl.classic.CloseableHttpClient.execute(CloseableHttpClient.java:55)
	at org.apache.hc.client5.http.classic.HttpClient.executeOpen(HttpClient.java:183)
	at org.springframework.http.client.HttpComponentsClientHttpRequest.executeInternal(HttpComponentsClientHttpRequest.java:99)
	at org.springframework.http.client.AbstractStreamingClientHttpRequest.executeInternal(AbstractStreamingClientHttpRequest.java:71)
	at org.springframework.http.client.AbstractClientHttpRequest.execute(AbstractClientHttpRequest.java:81)
	at org.springframework.http.client.InterceptingClientHttpRequest$InterceptingRequestExecution.execute(InterceptingClientHttpRequest.java:117)
	at org.springframework.cloud.netflix.eureka.http.RestTemplateTransportClientFactory.lambda$restTemplate$3(RestTemplateTransportClientFactory.java:141)
	at org.springframework.http.client.InterceptingClientHttpRequest$InterceptingRequestExecution.execute(InterceptingClientHttpRequest.java:88)
	at org.springframework.http.client.InterceptingClientHttpRequest.executeInternal(InterceptingClientHttpRequest.java:72)
	at org.springframework.http.client.AbstractBufferingClientHttpRequest.executeInternal(AbstractBufferingClientHttpRequest.java:48)
	at org.springframework.http.client.AbstractClientHttpRequest.execute(AbstractClientHttpRequest.java:81)
	at org.springframework.web.client.RestTemplate.doExecute(RestTemplate.java:900)
	... 74 more

2025-03-22 17:53:45 - Request execution failed with message: I/O error on DELETE request for "http://localhost:8761/eureka/apps/DEPARTMENT-INFO/SYMPLT1017:department-info:8082": Connect to http://localhost:8761 [localhost/127.0.0.1, localhost/0:0:0:0:0:0:0:1] failed: Connection refused: no further information
2025-03-22 17:53:45 - Request execution error. endpoint=DefaultEndpoint{ serviceUrl='http://localhost:8761/eureka/}, exception=I/O error on DELETE request for "http://localhost:8761/eureka/apps/DEPARTMENT-INFO/SYMPLT1017:department-info:8082": Connect to http://localhost:8761 [localhost/127.0.0.1, localhost/0:0:0:0:0:0:0:1] failed: Connection refused: no further information stacktrace=org.springframework.web.client.ResourceAccessException: I/O error on DELETE request for "http://localhost:8761/eureka/apps/DEPARTMENT-INFO/SYMPLT1017:department-info:8082": Connect to http://localhost:8761 [localhost/127.0.0.1, localhost/0:0:0:0:0:0:0:1] failed: Connection refused: no further information
	at org.springframework.web.client.RestTemplate.createResourceAccessException(RestTemplate.java:926)
	at org.springframework.web.client.RestTemplate.doExecute(RestTemplate.java:906)
	at org.springframework.web.client.RestTemplate.execute(RestTemplate.java:841)
	at org.springframework.web.client.RestTemplate.exchange(RestTemplate.java:702)
	at org.springframework.cloud.netflix.eureka.http.RestTemplateEurekaHttpClient.cancel(RestTemplateEurekaHttpClient.java:100)
	at com.netflix.discovery.shared.transport.decorator.EurekaHttpClientDecorator$2.execute(EurekaHttpClientDecorator.java:74)
	at com.netflix.discovery.shared.transport.decorator.RedirectingEurekaHttpClient.executeOnNewServer(RedirectingEurekaHttpClient.java:121)
	at com.netflix.discovery.shared.transport.decorator.RedirectingEurekaHttpClient.execute(RedirectingEurekaHttpClient.java:80)
	at com.netflix.discovery.shared.transport.decorator.EurekaHttpClientDecorator.cancel(EurekaHttpClientDecorator.java:71)
	at com.netflix.discovery.shared.transport.decorator.EurekaHttpClientDecorator$2.execute(EurekaHttpClientDecorator.java:74)
	at com.netflix.discovery.shared.transport.decorator.RetryableEurekaHttpClient.execute(RetryableEurekaHttpClient.java:120)
	at com.netflix.discovery.shared.transport.decorator.EurekaHttpClientDecorator.cancel(EurekaHttpClientDecorator.java:71)
	at com.netflix.discovery.shared.transport.decorator.EurekaHttpClientDecorator$2.execute(EurekaHttpClientDecorator.java:74)
	at com.netflix.discovery.shared.transport.decorator.SessionedEurekaHttpClient.execute(SessionedEurekaHttpClient.java:76)
	at com.netflix.discovery.shared.transport.decorator.EurekaHttpClientDecorator.cancel(EurekaHttpClientDecorator.java:71)
	at com.netflix.discovery.DiscoveryClient.unregister(DiscoveryClient.java:919)
	at com.netflix.discovery.DiscoveryClient.shutdown(DiscoveryClient.java:900)
	at java.base/jdk.internal.reflect.NativeMethodAccessorImpl.invoke0(Native Method)
	at java.base/jdk.internal.reflect.NativeMethodAccessorImpl.invoke(NativeMethodAccessorImpl.java:77)
	at java.base/jdk.internal.reflect.DelegatingMethodAccessorImpl.invoke(DelegatingMethodAccessorImpl.java:43)
	at java.base/java.lang.reflect.Method.invoke(Method.java:568)
	at org.springframework.beans.factory.annotation.InitDestroyAnnotationBeanPostProcessor$LifecycleMethod.invoke(InitDestroyAnnotationBeanPostProcessor.java:457)
	at org.springframework.beans.factory.annotation.InitDestroyAnnotationBeanPostProcessor$LifecycleMetadata.invokeDestroyMethods(InitDestroyAnnotationBeanPostProcessor.java:415)
	at org.springframework.beans.factory.annotation.InitDestroyAnnotationBeanPostProcessor.postProcessBeforeDestruction(InitDestroyAnnotationBeanPostProcessor.java:239)
	at org.springframework.beans.factory.support.DisposableBeanAdapter.destroy(DisposableBeanAdapter.java:202)
	at org.springframework.beans.factory.support.DisposableBeanAdapter.run(DisposableBeanAdapter.java:195)
	at org.springframework.cloud.context.scope.GenericScope$BeanLifecycleWrapper.destroy(GenericScope.java:389)
	at org.springframework.cloud.context.scope.GenericScope.destroy(GenericScope.java:136)
	at org.springframework.beans.factory.support.DisposableBeanAdapter.destroy(DisposableBeanAdapter.java:211)
	at org.springframework.beans.factory.support.DefaultSingletonBeanRegistry.destroyBean(DefaultSingletonBeanRegistry.java:686)
	at org.springframework.beans.factory.support.DefaultSingletonBeanRegistry.destroySingleton(DefaultSingletonBeanRegistry.java:643)
	at org.springframework.beans.factory.support.DefaultListableBeanFactory.destroySingleton(DefaultListableBeanFactory.java:1368)
	at org.springframework.beans.factory.support.DefaultSingletonBeanRegistry.destroySingletons(DefaultSingletonBeanRegistry.java:602)
	at org.springframework.beans.factory.support.DefaultListableBeanFactory.destroySingletons(DefaultListableBeanFactory.java:1361)
	at org.springframework.context.support.AbstractApplicationContext.destroyBeans(AbstractApplicationContext.java:1219)
	at org.springframework.context.support.AbstractApplicationContext.doClose(AbstractApplicationContext.java:1180)
	at org.springframework.boot.web.servlet.context.ServletWebServerApplicationContext.doClose(ServletWebServerApplicationContext.java:174)
	at org.springframework.context.support.AbstractApplicationContext.close(AbstractApplicationContext.java:1126)
	at org.springframework.boot.admin.SpringApplicationAdminMXBeanRegistrar$SpringApplicationAdmin.shutdown(SpringApplicationAdminMXBeanRegistrar.java:160)
	at java.base/jdk.internal.reflect.NativeMethodAccessorImpl.invoke0(Native Method)
	at java.base/jdk.internal.reflect.NativeMethodAccessorImpl.invoke(NativeMethodAccessorImpl.java:77)
	at java.base/jdk.internal.reflect.DelegatingMethodAccessorImpl.invoke(DelegatingMethodAccessorImpl.java:43)
	at java.base/java.lang.reflect.Method.invoke(Method.java:568)
	at sun.reflect.misc.Trampoline.invoke(MethodUtil.java:72)
	at jdk.internal.reflect.GeneratedMethodAccessor22.invoke(Unknown Source)
	at java.base/jdk.internal.reflect.DelegatingMethodAccessorImpl.invoke(DelegatingMethodAccessorImpl.java:43)
	at java.base/java.lang.reflect.Method.invoke(Method.java:568)
	at java.base/sun.reflect.misc.MethodUtil.invoke(MethodUtil.java:262)
	at java.management/com.sun.jmx.mbeanserver.ConvertingMethod.invokeWithOpenReturn(ConvertingMethod.java:193)
	at java.management/com.sun.jmx.mbeanserver.ConvertingMethod.invokeWithOpenReturn(ConvertingMethod.java:175)
	at java.management/com.sun.jmx.mbeanserver.MXBeanIntrospector.invokeM2(MXBeanIntrospector.java:117)
	at java.management/com.sun.jmx.mbeanserver.MXBeanIntrospector.invokeM2(MXBeanIntrospector.java:54)
	at java.management/com.sun.jmx.mbeanserver.MBeanIntrospector.invokeM(MBeanIntrospector.java:237)
	at java.management/com.sun.jmx.mbeanserver.PerInterface.invoke(PerInterface.java:138)
	at java.management/com.sun.jmx.mbeanserver.MBeanSupport.invoke(MBeanSupport.java:252)
	at java.management/com.sun.jmx.interceptor.DefaultMBeanServerInterceptor.invoke(DefaultMBeanServerInterceptor.java:814)
	at java.management/com.sun.jmx.mbeanserver.JmxMBeanServer.invoke(JmxMBeanServer.java:802)
	at java.management.rmi/javax.management.remote.rmi.RMIConnectionImpl.doOperation(RMIConnectionImpl.java:1472)
	at java.management.rmi/javax.management.remote.rmi.RMIConnectionImpl$PrivilegedOperation.run(RMIConnectionImpl.java:1310)
	at java.management.rmi/javax.management.remote.rmi.RMIConnectionImpl.doPrivilegedOperation(RMIConnectionImpl.java:1405)
	at java.management.rmi/javax.management.remote.rmi.RMIConnectionImpl.invoke(RMIConnectionImpl.java:829)
	at java.base/jdk.internal.reflect.GeneratedMethodAccessor23.invoke(Unknown Source)
	at java.base/jdk.internal.reflect.DelegatingMethodAccessorImpl.invoke(DelegatingMethodAccessorImpl.java:43)
	at java.base/java.lang.reflect.Method.invoke(Method.java:568)
	at java.rmi/sun.rmi.server.UnicastServerRef.dispatch(UnicastServerRef.java:360)
	at java.rmi/sun.rmi.transport.Transport$1.run(Transport.java:200)
	at java.rmi/sun.rmi.transport.Transport$1.run(Transport.java:197)
	at java.base/java.security.AccessController.doPrivileged(AccessController.java:712)
	at java.rmi/sun.rmi.transport.Transport.serviceCall(Transport.java:196)
	at java.rmi/sun.rmi.transport.tcp.TCPTransport.handleMessages(TCPTransport.java:587)
	at java.rmi/sun.rmi.transport.tcp.TCPTransport$ConnectionHandler.run0(TCPTransport.java:828)
	at java.rmi/sun.rmi.transport.tcp.TCPTransport$ConnectionHandler.lambda$run$0(TCPTransport.java:705)
	at java.base/java.security.AccessController.doPrivileged(AccessController.java:399)
	at java.rmi/sun.rmi.transport.tcp.TCPTransport$ConnectionHandler.run(TCPTransport.java:704)
	at java.base/java.util.concurrent.ThreadPoolExecutor.runWorker(ThreadPoolExecutor.java:1136)
	at java.base/java.util.concurrent.ThreadPoolExecutor$Worker.run(ThreadPoolExecutor.java:635)
	at java.base/java.lang.Thread.run(Thread.java:842)
Caused by: org.apache.hc.client5.http.HttpHostConnectException: Connect to http://localhost:8761 [localhost/127.0.0.1, localhost/0:0:0:0:0:0:0:1] failed: Connection refused: no further information
	at java.base/sun.nio.ch.Net.pollConnect(Native Method)
	at java.base/sun.nio.ch.Net.pollConnectNow(Net.java:672)
	at java.base/sun.nio.ch.NioSocketImpl.timedFinishConnect(NioSocketImpl.java:547)
	at java.base/sun.nio.ch.NioSocketImpl.connect(NioSocketImpl.java:602)
	at java.base/java.net.SocksSocketImpl.connect(SocksSocketImpl.java:327)
	at java.base/java.net.Socket.connect(Socket.java:633)
	at org.apache.hc.client5.http.impl.io.DefaultHttpClientConnectionOperator.connect(DefaultHttpClientConnectionOperator.java:216)
	at org.apache.hc.client5.http.impl.io.PoolingHttpClientConnectionManager.connect(PoolingHttpClientConnectionManager.java:490)
	at org.apache.hc.client5.http.impl.classic.InternalExecRuntime.connectEndpoint(InternalExecRuntime.java:164)
	at org.apache.hc.client5.http.impl.classic.InternalExecRuntime.connectEndpoint(InternalExecRuntime.java:174)
	at org.apache.hc.client5.http.impl.classic.ConnectExec.execute(ConnectExec.java:144)
	at org.apache.hc.client5.http.impl.classic.ExecChainElement.execute(ExecChainElement.java:51)
	at org.apache.hc.client5.http.impl.classic.ProtocolExec.execute(ProtocolExec.java:192)
	at org.apache.hc.client5.http.impl.classic.ExecChainElement.execute(ExecChainElement.java:51)
	at org.apache.hc.client5.http.impl.classic.ContentCompressionExec.execute(ContentCompressionExec.java:150)
	at org.apache.hc.client5.http.impl.classic.ExecChainElement.execute(ExecChainElement.java:51)
	at org.apache.hc.client5.http.impl.classic.HttpRequestRetryExec.execute(HttpRequestRetryExec.java:113)
	at org.apache.hc.client5.http.impl.classic.ExecChainElement.execute(ExecChainElement.java:51)
	at org.apache.hc.client5.http.impl.classic.RedirectExec.execute(RedirectExec.java:110)
	at org.apache.hc.client5.http.impl.classic.ExecChainElement.execute(ExecChainElement.java:51)
	at org.apache.hc.client5.http.impl.classic.InternalHttpClient.doExecute(InternalHttpClient.java:174)
	at org.apache.hc.client5.http.impl.classic.CloseableHttpClient.execute(CloseableHttpClient.java:87)
	at org.apache.hc.client5.http.impl.classic.CloseableHttpClient.execute(CloseableHttpClient.java:55)
	at org.apache.hc.client5.http.classic.HttpClient.executeOpen(HttpClient.java:183)
	at org.springframework.http.client.HttpComponentsClientHttpRequest.executeInternal(HttpComponentsClientHttpRequest.java:99)
	at org.springframework.http.client.AbstractStreamingClientHttpRequest.executeInternal(AbstractStreamingClientHttpRequest.java:71)
	at org.springframework.http.client.AbstractClientHttpRequest.execute(AbstractClientHttpRequest.java:81)
	at org.springframework.http.client.InterceptingClientHttpRequest$InterceptingRequestExecution.execute(InterceptingClientHttpRequest.java:117)
	at org.springframework.cloud.netflix.eureka.http.RestTemplateTransportClientFactory.lambda$restTemplate$3(RestTemplateTransportClientFactory.java:141)
	at org.springframework.http.client.InterceptingClientHttpRequest$InterceptingRequestExecution.execute(InterceptingClientHttpRequest.java:88)
	at org.springframework.http.client.InterceptingClientHttpRequest.executeInternal(InterceptingClientHttpRequest.java:72)
	at org.springframework.http.client.AbstractBufferingClientHttpRequest.executeInternal(AbstractBufferingClientHttpRequest.java:48)
	at org.springframework.http.client.AbstractClientHttpRequest.execute(AbstractClientHttpRequest.java:81)
	at org.springframework.web.client.RestTemplate.doExecute(RestTemplate.java:900)
	... 75 more

2025-03-22 17:53:45 - Request execution failed with message: I/O error on DELETE request for "http://localhost:8761/eureka/apps/DEPARTMENT-INFO/SYMPLT1017:department-info:8082": Connect to http://localhost:8761 [localhost/127.0.0.1, localhost/0:0:0:0:0:0:0:1] failed: Connection refused: no further information
2025-03-22 17:53:45 - DiscoveryClient_DEPARTMENT-INFO/SYMPLT1017:department-info:8082 - de-registration failedCannot execute request on any known server
com.netflix.discovery.shared.transport.TransportException: Cannot execute request on any known server
	at com.netflix.discovery.shared.transport.decorator.RetryableEurekaHttpClient.execute(RetryableEurekaHttpClient.java:112) ~[eureka-client-2.0.4.jar:2.0.4]
	at com.netflix.discovery.shared.transport.decorator.EurekaHttpClientDecorator.cancel(EurekaHttpClientDecorator.java:71) ~[eureka-client-2.0.4.jar:2.0.4]
	at com.netflix.discovery.shared.transport.decorator.EurekaHttpClientDecorator$2.execute(EurekaHttpClientDecorator.java:74) ~[eureka-client-2.0.4.jar:2.0.4]
	at com.netflix.discovery.shared.transport.decorator.SessionedEurekaHttpClient.execute(SessionedEurekaHttpClient.java:76) ~[eureka-client-2.0.4.jar:2.0.4]
	at com.netflix.discovery.shared.transport.decorator.EurekaHttpClientDecorator.cancel(EurekaHttpClientDecorator.java:71) ~[eureka-client-2.0.4.jar:2.0.4]
	at com.netflix.discovery.DiscoveryClient.unregister(DiscoveryClient.java:919) ~[eureka-client-2.0.4.jar:2.0.4]
	at com.netflix.discovery.DiscoveryClient.shutdown(DiscoveryClient.java:900) ~[eureka-client-2.0.4.jar:2.0.4]
	at java.base/jdk.internal.reflect.NativeMethodAccessorImpl.invoke0(Native Method) ~[na:na]
	at java.base/jdk.internal.reflect.NativeMethodAccessorImpl.invoke(NativeMethodAccessorImpl.java:77) ~[na:na]
	at java.base/jdk.internal.reflect.DelegatingMethodAccessorImpl.invoke(DelegatingMethodAccessorImpl.java:43) ~[na:na]
	at java.base/java.lang.reflect.Method.invoke(Method.java:568) ~[na:na]
	at org.springframework.beans.factory.annotation.InitDestroyAnnotationBeanPostProcessor$LifecycleMethod.invoke(InitDestroyAnnotationBeanPostProcessor.java:457) ~[spring-beans-6.2.2.jar:6.2.2]
	at org.springframework.beans.factory.annotation.InitDestroyAnnotationBeanPostProcessor$LifecycleMetadata.invokeDestroyMethods(InitDestroyAnnotationBeanPostProcessor.java:415) ~[spring-beans-6.2.2.jar:6.2.2]
	at org.springframework.beans.factory.annotation.InitDestroyAnnotationBeanPostProcessor.postProcessBeforeDestruction(InitDestroyAnnotationBeanPostProcessor.java:239) ~[spring-beans-6.2.2.jar:6.2.2]
	at org.springframework.beans.factory.support.DisposableBeanAdapter.destroy(DisposableBeanAdapter.java:202) ~[spring-beans-6.2.2.jar:6.2.2]
	at org.springframework.beans.factory.support.DisposableBeanAdapter.run(DisposableBeanAdapter.java:195) ~[spring-beans-6.2.2.jar:6.2.2]
	at org.springframework.cloud.context.scope.GenericScope$BeanLifecycleWrapper.destroy(GenericScope.java:389) ~[spring-cloud-context-4.2.0.jar:4.2.0]
	at org.springframework.cloud.context.scope.GenericScope.destroy(GenericScope.java:136) ~[spring-cloud-context-4.2.0.jar:4.2.0]
	at org.springframework.beans.factory.support.DisposableBeanAdapter.destroy(DisposableBeanAdapter.java:211) ~[spring-beans-6.2.2.jar:6.2.2]
	at org.springframework.beans.factory.support.DefaultSingletonBeanRegistry.destroyBean(DefaultSingletonBeanRegistry.java:686) ~[spring-beans-6.2.2.jar:6.2.2]
	at org.springframework.beans.factory.support.DefaultSingletonBeanRegistry.destroySingleton(DefaultSingletonBeanRegistry.java:643) ~[spring-beans-6.2.2.jar:6.2.2]
	at org.springframework.beans.factory.support.DefaultListableBeanFactory.destroySingleton(DefaultListableBeanFactory.java:1368) ~[spring-beans-6.2.2.jar:6.2.2]
	at org.springframework.beans.factory.support.DefaultSingletonBeanRegistry.destroySingletons(DefaultSingletonBeanRegistry.java:602) ~[spring-beans-6.2.2.jar:6.2.2]
	at org.springframework.beans.factory.support.DefaultListableBeanFactory.destroySingletons(DefaultListableBeanFactory.java:1361) ~[spring-beans-6.2.2.jar:6.2.2]
	at org.springframework.context.support.AbstractApplicationContext.destroyBeans(AbstractApplicationContext.java:1219) ~[spring-context-6.2.2.jar:6.2.2]
	at org.springframework.context.support.AbstractApplicationContext.doClose(AbstractApplicationContext.java:1180) ~[spring-context-6.2.2.jar:6.2.2]
	at org.springframework.boot.web.servlet.context.ServletWebServerApplicationContext.doClose(ServletWebServerApplicationContext.java:174) ~[spring-boot-3.4.2.jar:3.4.2]
	at org.springframework.context.support.AbstractApplicationContext.close(AbstractApplicationContext.java:1126) ~[spring-context-6.2.2.jar:6.2.2]
	at org.springframework.boot.admin.SpringApplicationAdminMXBeanRegistrar$SpringApplicationAdmin.shutdown(SpringApplicationAdminMXBeanRegistrar.java:160) ~[spring-boot-3.4.2.jar:3.4.2]
	at java.base/jdk.internal.reflect.NativeMethodAccessorImpl.invoke0(Native Method) ~[na:na]
	at java.base/jdk.internal.reflect.NativeMethodAccessorImpl.invoke(NativeMethodAccessorImpl.java:77) ~[na:na]
	at java.base/jdk.internal.reflect.DelegatingMethodAccessorImpl.invoke(DelegatingMethodAccessorImpl.java:43) ~[na:na]
	at java.base/java.lang.reflect.Method.invoke(Method.java:568) ~[na:na]
	at sun.reflect.misc.Trampoline.invoke(MethodUtil.java:72) ~[na:na]
	at jdk.internal.reflect.GeneratedMethodAccessor22.invoke(Unknown Source) ~[na:na]
	at java.base/jdk.internal.reflect.DelegatingMethodAccessorImpl.invoke(DelegatingMethodAccessorImpl.java:43) ~[na:na]
	at java.base/java.lang.reflect.Method.invoke(Method.java:568) ~[na:na]
	at java.base/sun.reflect.misc.MethodUtil.invoke(MethodUtil.java:262) ~[na:na]
	at java.management/com.sun.jmx.mbeanserver.ConvertingMethod.invokeWithOpenReturn(ConvertingMethod.java:193) ~[na:na]
	at java.management/com.sun.jmx.mbeanserver.ConvertingMethod.invokeWithOpenReturn(ConvertingMethod.java:175) ~[na:na]
	at java.management/com.sun.jmx.mbeanserver.MXBeanIntrospector.invokeM2(MXBeanIntrospector.java:117) ~[na:na]
	at java.management/com.sun.jmx.mbeanserver.MXBeanIntrospector.invokeM2(MXBeanIntrospector.java:54) ~[na:na]
	at java.management/com.sun.jmx.mbeanserver.MBeanIntrospector.invokeM(MBeanIntrospector.java:237) ~[na:na]
	at java.management/com.sun.jmx.mbeanserver.PerInterface.invoke(PerInterface.java:138) ~[na:na]
	at java.management/com.sun.jmx.mbeanserver.MBeanSupport.invoke(MBeanSupport.java:252) ~[na:na]
	at java.management/com.sun.jmx.interceptor.DefaultMBeanServerInterceptor.invoke(DefaultMBeanServerInterceptor.java:814) ~[na:na]
	at java.management/com.sun.jmx.mbeanserver.JmxMBeanServer.invoke(JmxMBeanServer.java:802) ~[na:na]
	at java.management.rmi/javax.management.remote.rmi.RMIConnectionImpl.doOperation(RMIConnectionImpl.java:1472) ~[na:na]
	at java.management.rmi/javax.management.remote.rmi.RMIConnectionImpl$PrivilegedOperation.run(RMIConnectionImpl.java:1310) ~[na:na]
	at java.management.rmi/javax.management.remote.rmi.RMIConnectionImpl.doPrivilegedOperation(RMIConnectionImpl.java:1405) ~[na:na]
	at java.management.rmi/javax.management.remote.rmi.RMIConnectionImpl.invoke(RMIConnectionImpl.java:829) ~[na:na]
	at java.base/jdk.internal.reflect.GeneratedMethodAccessor23.invoke(Unknown Source) ~[na:na]
	at java.base/jdk.internal.reflect.DelegatingMethodAccessorImpl.invoke(DelegatingMethodAccessorImpl.java:43) ~[na:na]
	at java.base/java.lang.reflect.Method.invoke(Method.java:568) ~[na:na]
	at java.rmi/sun.rmi.server.UnicastServerRef.dispatch(UnicastServerRef.java:360) ~[na:na]
	at java.rmi/sun.rmi.transport.Transport$1.run(Transport.java:200) ~[na:na]
	at java.rmi/sun.rmi.transport.Transport$1.run(Transport.java:197) ~[na:na]
	at java.base/java.security.AccessController.doPrivileged(AccessController.java:712) ~[na:na]
	at java.rmi/sun.rmi.transport.Transport.serviceCall(Transport.java:196) ~[na:na]
	at java.rmi/sun.rmi.transport.tcp.TCPTransport.handleMessages(TCPTransport.java:587) ~[na:na]
	at java.rmi/sun.rmi.transport.tcp.TCPTransport$ConnectionHandler.run0(TCPTransport.java:828) ~[na:na]
	at java.rmi/sun.rmi.transport.tcp.TCPTransport$ConnectionHandler.lambda$run$0(TCPTransport.java:705) ~[na:na]
	at java.base/java.security.AccessController.doPrivileged(AccessController.java:399) ~[na:na]
	at java.rmi/sun.rmi.transport.tcp.TCPTransport$ConnectionHandler.run(TCPTransport.java:704) ~[na:na]
	at java.base/java.util.concurrent.ThreadPoolExecutor.runWorker(ThreadPoolExecutor.java:1136) ~[na:na]
	at java.base/java.util.concurrent.ThreadPoolExecutor$Worker.run(ThreadPoolExecutor.java:635) ~[na:na]
	at java.base/java.lang.Thread.run(Thread.java:842) ~[na:na]
2025-03-22 17:53:45 - Completed shut down of DiscoveryClient
2025-03-22 17:53:45 - Stopping service [Tomcat]
