2025-03-22 17:20:46 - Starting AddressInfoApplication using Java 17.0.12 with PID 9332 (C:\Yash Folders\microservices-Architecture-main\address-info\target\classes started by Yashpatel in C:\Yash Folders\microservices-Architecture-main\address-info)
2025-03-22 17:20:46 - No active profile set, falling back to 1 default profile: "default"
2025-03-22 17:20:46 - Fetching config from server at : http://localhost:9999
2025-03-22 17:20:46 - Located environment: name=address-info, profiles=[default], label=null, version=176c45b8c7d55a540d9f73a6a57e5f0d82307dc5, state=
2025-03-22 17:20:48 - Bootstrapping Spring Data JPA repositories in DEFAULT mode.
2025-03-22 17:20:48 - Finished Spring Data repository scanning in 528 ms. Found 1 JPA repository interface.
2025-03-22 17:20:49 - BeanFactory id=2504e0cd-43c6-34d0-956f-7874b308a804
2025-03-22 17:20:50 - Tomcat initialized with port 8083 (http)
2025-03-22 17:20:50 - Starting service [Tomcat]
2025-03-22 17:20:50 - Starting Servlet engine: [Apache Tomcat/10.1.36]
2025-03-22 17:20:50 - Initializing Spring embedded WebApplicationContext
2025-03-22 17:20:50 - Root WebApplicationContext: initialization completed in 3879 ms
2025-03-22 17:20:50 - HHH000204: Processing PersistenceUnitInfo [name: default]
2025-03-22 17:20:50 - HHH000412: Hibernate ORM core version 6.6.8.Final
2025-03-22 17:20:51 - HHH000026: Second-level cache disabled
2025-03-22 17:20:51 - No LoadTimeWeaver setup: ignoring JPA class transformer
2025-03-22 17:20:51 - HikariPool-1 - Starting...
2025-03-22 17:20:52 - HikariPool-1 - Added connection org.postgresql.jdbc.PgConnection@15fd3088
2025-03-22 17:20:52 - HikariPool-1 - Start completed.
2025-03-22 17:20:52 - HHH90000025: PostgreSQLDialect does not need to be specified explicitly using 'hibernate.dialect' (remove the property setting and it will be selected by default)
2025-03-22 17:20:52 - HHH10001005: Database info:
	Database JDBC URL [Connecting through datasource 'HikariDataSource (HikariPool-1)']
	Database driver: undefined/unknown
	Database version: 15.8
	Autocommit mode: undefined/unknown
	Isolation level: undefined/unknown
	Minimum pool size: undefined/unknown
	Maximum pool size: undefined/unknown
2025-03-22 17:20:54 - HHH000489: No JTA platform available (set 'hibernate.transaction.jta.platform' to enable JTA platform integration)
2025-03-22 17:20:54 - Initialized JPA EntityManagerFactory for persistence unit 'default'
2025-03-22 17:20:55 - spring.jpa.open-in-view is enabled by default. Therefore, database queries may be performed during view rendering. Explicitly configure spring.jpa.open-in-view to disable this warning
2025-03-22 17:20:56 - Eureka HTTP Client uses RestTemplate.
2025-03-22 17:20:57 - Spring Cloud LoadBalancer is currently working with the default cache. While this cache implementation is useful for development and tests, it's recommended to use Caffeine cache in production.You can switch to using Caffeine cache, by adding it and org.springframework.cache.caffeine.CaffeineCacheManager to the classpath.
2025-03-22 17:20:57 - Setting initial instance status as: STARTING
2025-03-22 17:20:57 - Initializing Eureka in region us-east-1
2025-03-22 17:20:57 - Resolving eureka endpoints via configuration
2025-03-22 17:20:57 - Disable delta property : false
2025-03-22 17:20:57 - Single vip registry refresh property : null
2025-03-22 17:20:57 - Force full registry fetch : false
2025-03-22 17:20:57 - Application is null : false
2025-03-22 17:20:57 - Registered Applications size is zero : true
2025-03-22 17:20:57 - Application version is -1: true
2025-03-22 17:20:57 - Getting all instance registry info from the eureka server
2025-03-22 17:20:57 - The response status is 200
2025-03-22 17:20:57 - Starting heartbeat executor: renew interval is: 30
2025-03-22 17:20:57 - InstanceInfoReplicator onDemand update allowed rate per min is 4
2025-03-22 17:20:57 - Discovery Client initialized at timestamp 1742644257650 with initial instances count: 0
2025-03-22 17:20:57 - Registering application ADDRESS-INFO with eureka with status UP
2025-03-22 17:20:57 - Saw local status change event StatusChangeEvent [timestamp=1742644257661, current=UP, previous=STARTING]
2025-03-22 17:20:57 - DiscoveryClient_ADDRESS-INFO/SYMPLT1017:address-info:8083: registering service...
2025-03-22 17:20:57 - Tomcat started on port 8083 (http) with context path '/'
2025-03-22 17:20:57 - Updating port to 8083
2025-03-22 17:20:57 - DiscoveryClient_ADDRESS-INFO/SYMPLT1017:address-info:8083 - registration status: 204
2025-03-22 17:20:57 - Started AddressInfoApplication in 15.485 seconds (process running for 16.85)
2025-03-22 17:21:27 - Disable delta property : false
2025-03-22 17:21:27 - Single vip registry refresh property : null
2025-03-22 17:21:27 - Force full registry fetch : false
2025-03-22 17:21:27 - Application is null : false
2025-03-22 17:21:27 - Registered Applications size is zero : true
2025-03-22 17:21:27 - Application version is -1: false
2025-03-22 17:21:27 - Getting all instance registry info from the eureka server
2025-03-22 17:21:27 - The response status is 200
2025-03-22 17:25:57 - Resolving eureka endpoints via configuration
2025-03-22 17:28:02 - Application shutdown requested.
2025-03-22 17:28:02 - Unregistering application ADDRESS-INFO with eureka with status DOWN
2025-03-22 17:28:02 - Saw local status change event StatusChangeEvent [timestamp=1742644682724, current=DOWN, previous=UP]
2025-03-22 17:28:02 - DiscoveryClient_ADDRESS-INFO/SYMPLT1017:address-info:8083: registering service...
2025-03-22 17:28:02 - Commencing graceful shutdown. Waiting for active requests to complete
2025-03-22 17:28:02 - DiscoveryClient_ADDRESS-INFO/SYMPLT1017:address-info:8083 - registration status: 204
2025-03-22 17:28:02 - Graceful shutdown complete
2025-03-22 17:28:02 - Closing JPA EntityManagerFactory for persistence unit 'default'
2025-03-22 17:28:02 - HikariPool-1 - Shutdown initiated...
2025-03-22 17:28:03 - HikariPool-1 - Shutdown completed.
2025-03-22 17:28:03 - Shutting down DiscoveryClient ...
2025-03-22 17:28:06 - Unregistering ...
2025-03-22 17:28:06 - DiscoveryClient_ADDRESS-INFO/SYMPLT1017:address-info:8083 - deregister  status: 200
2025-03-22 17:28:06 - Completed shut down of DiscoveryClient
2025-03-22 17:28:12 - Starting AddressInfoApplication using Java 17.0.12 with PID 15544 (C:\Yash Folders\microservices-Architecture-main\address-info\target\classes started by Yashpatel in C:\Yash Folders\microservices-Architecture-main\address-info)
2025-03-22 17:28:12 - No active profile set, falling back to 1 default profile: "default"
2025-03-22 17:28:12 - Fetching config from server at : http://localhost:9999
2025-03-22 17:28:12 - Located environment: name=address-info, profiles=[default], label=null, version=176c45b8c7d55a540d9f73a6a57e5f0d82307dc5, state=
2025-03-22 17:28:13 - Bootstrapping Spring Data JPA repositories in DEFAULT mode.
2025-03-22 17:28:14 - Finished Spring Data repository scanning in 309 ms. Found 1 JPA repository interface.
2025-03-22 17:28:14 - BeanFactory id=2504e0cd-43c6-34d0-956f-7874b308a804
2025-03-22 17:28:15 - Tomcat initialized with port 8083 (http)
2025-03-22 17:28:15 - Starting service [Tomcat]
2025-03-22 17:28:15 - Starting Servlet engine: [Apache Tomcat/10.1.36]
2025-03-22 17:28:15 - Initializing Spring embedded WebApplicationContext
2025-03-22 17:28:15 - Root WebApplicationContext: initialization completed in 2713 ms
2025-03-22 17:28:16 - HHH000204: Processing PersistenceUnitInfo [name: default]
2025-03-22 17:28:16 - HHH000412: Hibernate ORM core version 6.6.8.Final
2025-03-22 17:28:16 - HHH000026: Second-level cache disabled
2025-03-22 17:28:16 - No LoadTimeWeaver setup: ignoring JPA class transformer
2025-03-22 17:28:16 - HikariPool-1 - Starting...
2025-03-22 17:28:17 - HikariPool-1 - Added connection org.postgresql.jdbc.PgConnection@257d3968
2025-03-22 17:28:17 - HikariPool-1 - Start completed.
2025-03-22 17:28:17 - HHH90000025: PostgreSQLDialect does not need to be specified explicitly using 'hibernate.dialect' (remove the property setting and it will be selected by default)
2025-03-22 17:28:17 - HHH10001005: Database info:
	Database JDBC URL [Connecting through datasource 'HikariDataSource (HikariPool-1)']
	Database driver: undefined/unknown
	Database version: 15.8
	Autocommit mode: undefined/unknown
	Isolation level: undefined/unknown
	Minimum pool size: undefined/unknown
	Maximum pool size: undefined/unknown
2025-03-22 17:28:19 - HHH000489: No JTA platform available (set 'hibernate.transaction.jta.platform' to enable JTA platform integration)
2025-03-22 17:28:19 - Initialized JPA EntityManagerFactory for persistence unit 'default'
2025-03-22 17:28:19 - spring.jpa.open-in-view is enabled by default. Therefore, database queries may be performed during view rendering. Explicitly configure spring.jpa.open-in-view to disable this warning
2025-03-22 17:28:21 - Eureka HTTP Client uses RestTemplate.
2025-03-22 17:28:21 - Spring Cloud LoadBalancer is currently working with the default cache. While this cache implementation is useful for development and tests, it's recommended to use Caffeine cache in production.You can switch to using Caffeine cache, by adding it and org.springframework.cache.caffeine.CaffeineCacheManager to the classpath.
2025-03-22 17:28:21 - Setting initial instance status as: STARTING
2025-03-22 17:28:21 - Initializing Eureka in region us-east-1
2025-03-22 17:28:21 - Resolving eureka endpoints via configuration
2025-03-22 17:28:21 - Disable delta property : false
2025-03-22 17:28:21 - Single vip registry refresh property : null
2025-03-22 17:28:21 - Force full registry fetch : false
2025-03-22 17:28:21 - Application is null : false
2025-03-22 17:28:21 - Registered Applications size is zero : true
2025-03-22 17:28:21 - Application version is -1: true
2025-03-22 17:28:21 - Getting all instance registry info from the eureka server
2025-03-22 17:28:21 - The response status is 200
2025-03-22 17:28:21 - Starting heartbeat executor: renew interval is: 30
2025-03-22 17:28:21 - InstanceInfoReplicator onDemand update allowed rate per min is 4
2025-03-22 17:28:21 - Discovery Client initialized at timestamp 1742644701764 with initial instances count: 5
2025-03-22 17:28:21 - Registering application ADDRESS-INFO with eureka with status UP
2025-03-22 17:28:21 - Saw local status change event StatusChangeEvent [timestamp=1742644701770, current=UP, previous=STARTING]
2025-03-22 17:28:21 - DiscoveryClient_ADDRESS-INFO/SYMPLT1017:address-info:8083: registering service...
2025-03-22 17:28:21 - Tomcat started on port 8083 (http) with context path '/'
2025-03-22 17:28:21 - Updating port to 8083
2025-03-22 17:28:21 - DiscoveryClient_ADDRESS-INFO/SYMPLT1017:address-info:8083 - registration status: 204
2025-03-22 17:28:21 - Started AddressInfoApplication in 12.543 seconds (process running for 13.524)
2025-03-22 17:33:21 - Resolving eureka endpoints via configuration
2025-03-22 17:33:49 - Application shutdown requested.
2025-03-22 17:33:49 - Unregistering application ADDRESS-INFO with eureka with status DOWN
2025-03-22 17:33:49 - Saw local status change event StatusChangeEvent [timestamp=1742645029291, current=DOWN, previous=UP]
2025-03-22 17:33:49 - DiscoveryClient_ADDRESS-INFO/SYMPLT1017:address-info:8083: registering service...
2025-03-22 17:33:49 - Commencing graceful shutdown. Waiting for active requests to complete
2025-03-22 17:33:49 - DiscoveryClient_ADDRESS-INFO/SYMPLT1017:address-info:8083 - registration status: 204
2025-03-22 17:33:49 - Graceful shutdown complete
2025-03-22 17:33:49 - Closing JPA EntityManagerFactory for persistence unit 'default'
2025-03-22 17:33:49 - HikariPool-1 - Shutdown initiated...
2025-03-22 17:33:49 - HikariPool-1 - Shutdown completed.
2025-03-22 17:33:49 - Shutting down DiscoveryClient ...
2025-03-22 17:33:52 - Unregistering ...
2025-03-22 17:33:52 - task supervisor shutting down, can't accept the task
2025-03-22 17:33:52 - DiscoveryClient_ADDRESS-INFO/SYMPLT1017:address-info:8083 - deregister  status: 200
2025-03-22 17:33:52 - Completed shut down of DiscoveryClient
2025-03-22 17:33:58 - Starting AddressInfoApplication using Java 17.0.12 with PID 20224 (C:\Yash Folders\microservices-Architecture-main\address-info\target\classes started by Yashpatel in C:\Yash Folders\microservices-Architecture-main\address-info)
2025-03-22 17:33:58 - No active profile set, falling back to 1 default profile: "default"
2025-03-22 17:33:58 - Fetching config from server at : http://localhost:9999
2025-03-22 17:33:58 - Located environment: name=address-info, profiles=[default], label=null, version=176c45b8c7d55a540d9f73a6a57e5f0d82307dc5, state=
2025-03-22 17:33:59 - Bootstrapping Spring Data JPA repositories in DEFAULT mode.
2025-03-22 17:33:59 - Finished Spring Data repository scanning in 173 ms. Found 1 JPA repository interface.
2025-03-22 17:33:59 - BeanFactory id=2504e0cd-43c6-34d0-956f-7874b308a804
2025-03-22 17:34:00 - Tomcat initialized with port 8083 (http)
2025-03-22 17:34:00 - Starting service [Tomcat]
2025-03-22 17:34:00 - Starting Servlet engine: [Apache Tomcat/10.1.36]
2025-03-22 17:34:00 - Initializing Spring embedded WebApplicationContext
2025-03-22 17:34:00 - Root WebApplicationContext: initialization completed in 2414 ms
2025-03-22 17:34:00 - HHH000204: Processing PersistenceUnitInfo [name: default]
2025-03-22 17:34:01 - HHH000412: Hibernate ORM core version 6.6.8.Final
2025-03-22 17:34:01 - HHH000026: Second-level cache disabled
2025-03-22 17:34:01 - No LoadTimeWeaver setup: ignoring JPA class transformer
2025-03-22 17:34:01 - HikariPool-1 - Starting...
2025-03-22 17:34:01 - HikariPool-1 - Added connection org.postgresql.jdbc.PgConnection@73905dff
2025-03-22 17:34:01 - HikariPool-1 - Start completed.
2025-03-22 17:34:02 - HHH90000025: PostgreSQLDialect does not need to be specified explicitly using 'hibernate.dialect' (remove the property setting and it will be selected by default)
2025-03-22 17:34:02 - HHH10001005: Database info:
	Database JDBC URL [Connecting through datasource 'HikariDataSource (HikariPool-1)']
	Database driver: undefined/unknown
	Database version: 15.8
	Autocommit mode: undefined/unknown
	Isolation level: undefined/unknown
	Minimum pool size: undefined/unknown
	Maximum pool size: undefined/unknown
2025-03-22 17:34:03 - HHH000489: No JTA platform available (set 'hibernate.transaction.jta.platform' to enable JTA platform integration)
2025-03-22 17:34:03 - Initialized JPA EntityManagerFactory for persistence unit 'default'
2025-03-22 17:34:03 - spring.jpa.open-in-view is enabled by default. Therefore, database queries may be performed during view rendering. Explicitly configure spring.jpa.open-in-view to disable this warning
2025-03-22 17:34:05 - Eureka HTTP Client uses RestTemplate.
2025-03-22 17:34:05 - Spring Cloud LoadBalancer is currently working with the default cache. While this cache implementation is useful for development and tests, it's recommended to use Caffeine cache in production.You can switch to using Caffeine cache, by adding it and org.springframework.cache.caffeine.CaffeineCacheManager to the classpath.
2025-03-22 17:34:05 - Setting initial instance status as: STARTING
2025-03-22 17:34:05 - Initializing Eureka in region us-east-1
2025-03-22 17:34:05 - Resolving eureka endpoints via configuration
2025-03-22 17:34:05 - Disable delta property : false
2025-03-22 17:34:05 - Single vip registry refresh property : null
2025-03-22 17:34:05 - Force full registry fetch : false
2025-03-22 17:34:05 - Application is null : false
2025-03-22 17:34:05 - Registered Applications size is zero : true
2025-03-22 17:34:05 - Application version is -1: true
2025-03-22 17:34:05 - Getting all instance registry info from the eureka server
2025-03-22 17:34:06 - The response status is 200
2025-03-22 17:34:06 - Starting heartbeat executor: renew interval is: 30
2025-03-22 17:34:06 - InstanceInfoReplicator onDemand update allowed rate per min is 4
2025-03-22 17:34:06 - Discovery Client initialized at timestamp 1742645046089 with initial instances count: 1
2025-03-22 17:34:06 - Registering application ADDRESS-INFO with eureka with status UP
2025-03-22 17:34:06 - Saw local status change event StatusChangeEvent [timestamp=1742645046101, current=UP, previous=STARTING]
2025-03-22 17:34:06 - DiscoveryClient_ADDRESS-INFO/SYMPLT1017:address-info:8083: registering service...
2025-03-22 17:34:06 - Tomcat started on port 8083 (http) with context path '/'
2025-03-22 17:34:06 - Updating port to 8083
2025-03-22 17:34:06 - DiscoveryClient_ADDRESS-INFO/SYMPLT1017:address-info:8083 - registration status: 204
2025-03-22 17:34:06 - Started AddressInfoApplication in 11.121 seconds (process running for 11.907)
2025-03-22 17:39:05 - Resolving eureka endpoints via configuration
2025-03-22 17:43:18 - Application shutdown requested.
2025-03-22 17:43:18 - Unregistering application ADDRESS-INFO with eureka with status DOWN
2025-03-22 17:43:18 - Saw local status change event StatusChangeEvent [timestamp=1742645598929, current=DOWN, previous=UP]
2025-03-22 17:43:18 - DiscoveryClient_ADDRESS-INFO/SYMPLT1017:address-info:8083: registering service...
2025-03-22 17:43:18 - Commencing graceful shutdown. Waiting for active requests to complete
2025-03-22 17:43:18 - DiscoveryClient_ADDRESS-INFO/SYMPLT1017:address-info:8083 - registration status: 204
2025-03-22 17:43:19 - Graceful shutdown complete
2025-03-22 17:43:19 - Closing JPA EntityManagerFactory for persistence unit 'default'
2025-03-22 17:43:19 - HikariPool-1 - Shutdown initiated...
2025-03-22 17:43:19 - HikariPool-1 - Shutdown completed.
2025-03-22 17:43:19 - Shutting down DiscoveryClient ...
2025-03-22 17:43:22 - Unregistering ...
2025-03-22 17:43:22 - DiscoveryClient_ADDRESS-INFO/SYMPLT1017:address-info:8083 - deregister  status: 200
2025-03-22 17:43:22 - Completed shut down of DiscoveryClient
2025-03-22 17:43:31 - Starting AddressInfoApplication using Java 17.0.12 with PID 19688 (C:\Yash Folders\microservices-Architecture-main\address-info\target\classes started by Yashpatel in C:\Yash Folders\microservices-Architecture-main\address-info)
2025-03-22 17:43:31 - No active profile set, falling back to 1 default profile: "default"
2025-03-22 17:43:31 - Fetching config from server at : http://localhost:9999
2025-03-22 17:43:31 - Located environment: name=address-info, profiles=[default], label=null, version=176c45b8c7d55a540d9f73a6a57e5f0d82307dc5, state=
2025-03-22 17:43:32 - Bootstrapping Spring Data JPA repositories in DEFAULT mode.
2025-03-22 17:43:32 - Finished Spring Data repository scanning in 198 ms. Found 1 JPA repository interface.
2025-03-22 17:43:33 - BeanFactory id=2504e0cd-43c6-34d0-956f-7874b308a804
2025-03-22 17:43:33 - Tomcat initialized with port 8083 (http)
2025-03-22 17:43:33 - Starting service [Tomcat]
2025-03-22 17:43:33 - Starting Servlet engine: [Apache Tomcat/10.1.36]
2025-03-22 17:43:34 - Initializing Spring embedded WebApplicationContext
2025-03-22 17:43:34 - Root WebApplicationContext: initialization completed in 2625 ms
2025-03-22 17:43:34 - HHH000204: Processing PersistenceUnitInfo [name: default]
2025-03-22 17:43:34 - HHH000412: Hibernate ORM core version 6.6.8.Final
2025-03-22 17:43:34 - HHH000026: Second-level cache disabled
2025-03-22 17:43:34 - No LoadTimeWeaver setup: ignoring JPA class transformer
2025-03-22 17:43:34 - HikariPool-1 - Starting...
2025-03-22 17:43:35 - HikariPool-1 - Added connection org.postgresql.jdbc.PgConnection@396c1228
2025-03-22 17:43:35 - HikariPool-1 - Start completed.
2025-03-22 17:43:35 - HHH90000025: PostgreSQLDialect does not need to be specified explicitly using 'hibernate.dialect' (remove the property setting and it will be selected by default)
2025-03-22 17:43:35 - HHH10001005: Database info:
	Database JDBC URL [Connecting through datasource 'HikariDataSource (HikariPool-1)']
	Database driver: undefined/unknown
	Database version: 15.8
	Autocommit mode: undefined/unknown
	Isolation level: undefined/unknown
	Minimum pool size: undefined/unknown
	Maximum pool size: undefined/unknown
2025-03-22 17:43:36 - HHH000489: No JTA platform available (set 'hibernate.transaction.jta.platform' to enable JTA platform integration)
2025-03-22 17:43:36 - Initialized JPA EntityManagerFactory for persistence unit 'default'
2025-03-22 17:43:37 - spring.jpa.open-in-view is enabled by default. Therefore, database queries may be performed during view rendering. Explicitly configure spring.jpa.open-in-view to disable this warning
2025-03-22 17:43:38 - Eureka HTTP Client uses RestTemplate.
2025-03-22 17:43:39 - Spring Cloud LoadBalancer is currently working with the default cache. While this cache implementation is useful for development and tests, it's recommended to use Caffeine cache in production.You can switch to using Caffeine cache, by adding it and org.springframework.cache.caffeine.CaffeineCacheManager to the classpath.
2025-03-22 17:43:39 - Setting initial instance status as: STARTING
2025-03-22 17:43:39 - Initializing Eureka in region us-east-1
2025-03-22 17:43:39 - Resolving eureka endpoints via configuration
2025-03-22 17:43:39 - Disable delta property : false
2025-03-22 17:43:39 - Single vip registry refresh property : null
2025-03-22 17:43:39 - Force full registry fetch : false
2025-03-22 17:43:39 - Application is null : false
2025-03-22 17:43:39 - Registered Applications size is zero : true
2025-03-22 17:43:39 - Application version is -1: true
2025-03-22 17:43:39 - Getting all instance registry info from the eureka server
2025-03-22 17:43:39 - The response status is 200
2025-03-22 17:43:39 - Starting heartbeat executor: renew interval is: 30
2025-03-22 17:43:39 - InstanceInfoReplicator onDemand update allowed rate per min is 4
2025-03-22 17:43:39 - Discovery Client initialized at timestamp 1742645619401 with initial instances count: 1
2025-03-22 17:43:39 - Registering application ADDRESS-INFO with eureka with status UP
2025-03-22 17:43:39 - Saw local status change event StatusChangeEvent [timestamp=1742645619411, current=UP, previous=STARTING]
2025-03-22 17:43:39 - DiscoveryClient_ADDRESS-INFO/SYMPLT1017:address-info:8083: registering service...
2025-03-22 17:43:39 - Tomcat started on port 8083 (http) with context path '/'
2025-03-22 17:43:39 - Updating port to 8083
2025-03-22 17:43:39 - DiscoveryClient_ADDRESS-INFO/SYMPLT1017:address-info:8083 - registration status: 204
2025-03-22 17:43:39 - Started AddressInfoApplication in 11.216 seconds (process running for 12.098)
2025-03-22 17:47:56 - Application shutdown requested.
2025-03-22 17:47:56 - Unregistering application ADDRESS-INFO with eureka with status DOWN
2025-03-22 17:47:56 - Saw local status change event StatusChangeEvent [timestamp=1742645876935, current=DOWN, previous=UP]
2025-03-22 17:47:56 - DiscoveryClient_ADDRESS-INFO/SYMPLT1017:address-info:8083: registering service...
2025-03-22 17:47:56 - Commencing graceful shutdown. Waiting for active requests to complete
2025-03-22 17:47:56 - DiscoveryClient_ADDRESS-INFO/SYMPLT1017:address-info:8083 - registration status: 204
2025-03-22 17:47:57 - Graceful shutdown complete
2025-03-22 17:47:57 - Closing JPA EntityManagerFactory for persistence unit 'default'
2025-03-22 17:47:57 - HikariPool-1 - Shutdown initiated...
2025-03-22 17:47:57 - HikariPool-1 - Shutdown completed.
2025-03-22 17:47:57 - Shutting down DiscoveryClient ...
2025-03-22 17:48:00 - Unregistering ...
2025-03-22 17:48:00 - DiscoveryClient_ADDRESS-INFO/SYMPLT1017:address-info:8083 - deregister  status: 200
2025-03-22 17:48:00 - Completed shut down of DiscoveryClient
2025-03-22 17:48:09 - Starting AddressInfoApplication using Java 17.0.12 with PID 19072 (C:\Yash Folders\microservices-Architecture-main\address-info\target\classes started by Yashpatel in C:\Yash Folders\microservices-Architecture-main\address-info)
2025-03-22 17:48:09 - No active profile set, falling back to 1 default profile: "default"
2025-03-22 17:48:10 - Fetching config from server at : http://localhost:9999
2025-03-22 17:48:10 - Located environment: name=address-info, profiles=[default], label=null, version=176c45b8c7d55a540d9f73a6a57e5f0d82307dc5, state=
2025-03-22 17:48:10 - Bootstrapping Spring Data JPA repositories in DEFAULT mode.
2025-03-22 17:48:11 - Finished Spring Data repository scanning in 148 ms. Found 1 JPA repository interface.
2025-03-22 17:48:11 - BeanFactory id=2504e0cd-43c6-34d0-956f-7874b308a804
2025-03-22 17:48:11 - Tomcat initialized with port 8083 (http)
2025-03-22 17:48:11 - Starting service [Tomcat]
2025-03-22 17:48:11 - Starting Servlet engine: [Apache Tomcat/10.1.36]
2025-03-22 17:48:12 - Initializing Spring embedded WebApplicationContext
2025-03-22 17:48:12 - Root WebApplicationContext: initialization completed in 2049 ms
2025-03-22 17:48:12 - HHH000204: Processing PersistenceUnitInfo [name: default]
2025-03-22 17:48:12 - HHH000412: Hibernate ORM core version 6.6.8.Final
2025-03-22 17:48:12 - HHH000026: Second-level cache disabled
2025-03-22 17:48:12 - No LoadTimeWeaver setup: ignoring JPA class transformer
2025-03-22 17:48:12 - HikariPool-1 - Starting...
2025-03-22 17:48:13 - HikariPool-1 - Added connection org.postgresql.jdbc.PgConnection@40d04cf8
2025-03-22 17:48:13 - HikariPool-1 - Start completed.
2025-03-22 17:48:13 - HHH90000025: PostgreSQLDialect does not need to be specified explicitly using 'hibernate.dialect' (remove the property setting and it will be selected by default)
2025-03-22 17:48:13 - HHH10001005: Database info:
	Database JDBC URL [Connecting through datasource 'HikariDataSource (HikariPool-1)']
	Database driver: undefined/unknown
	Database version: 15.8
	Autocommit mode: undefined/unknown
	Isolation level: undefined/unknown
	Minimum pool size: undefined/unknown
	Maximum pool size: undefined/unknown
2025-03-22 17:48:14 - HHH000489: No JTA platform available (set 'hibernate.transaction.jta.platform' to enable JTA platform integration)
2025-03-22 17:48:14 - Initialized JPA EntityManagerFactory for persistence unit 'default'
2025-03-22 17:48:15 - spring.jpa.open-in-view is enabled by default. Therefore, database queries may be performed during view rendering. Explicitly configure spring.jpa.open-in-view to disable this warning
2025-03-22 17:48:17 - Eureka HTTP Client uses RestTemplate.
2025-03-22 17:48:17 - Spring Cloud LoadBalancer is currently working with the default cache. While this cache implementation is useful for development and tests, it's recommended to use Caffeine cache in production.You can switch to using Caffeine cache, by adding it and org.springframework.cache.caffeine.CaffeineCacheManager to the classpath.
2025-03-22 17:48:17 - Setting initial instance status as: STARTING
2025-03-22 17:48:17 - Initializing Eureka in region us-east-1
2025-03-22 17:48:17 - Resolving eureka endpoints via configuration
2025-03-22 17:48:17 - Disable delta property : false
2025-03-22 17:48:17 - Single vip registry refresh property : null
2025-03-22 17:48:17 - Force full registry fetch : false
2025-03-22 17:48:17 - Application is null : false
2025-03-22 17:48:17 - Registered Applications size is zero : true
2025-03-22 17:48:17 - Application version is -1: true
2025-03-22 17:48:17 - Getting all instance registry info from the eureka server
2025-03-22 17:48:17 - The response status is 200
2025-03-22 17:48:17 - Starting heartbeat executor: renew interval is: 30
2025-03-22 17:48:17 - InstanceInfoReplicator onDemand update allowed rate per min is 4
2025-03-22 17:48:17 - Discovery Client initialized at timestamp 1742645897740 with initial instances count: 4
2025-03-22 17:48:17 - Registering application ADDRESS-INFO with eureka with status UP
2025-03-22 17:48:17 - Saw local status change event StatusChangeEvent [timestamp=1742645897753, current=UP, previous=STARTING]
2025-03-22 17:48:17 - DiscoveryClient_ADDRESS-INFO/SYMPLT1017:address-info:8083: registering service...
2025-03-22 17:48:17 - Tomcat started on port 8083 (http) with context path '/'
2025-03-22 17:48:17 - Updating port to 8083
2025-03-22 17:48:17 - DiscoveryClient_ADDRESS-INFO/SYMPLT1017:address-info:8083 - registration status: 204
2025-03-22 17:48:18 - Started AddressInfoApplication in 11.112 seconds (process running for 12.17)
2025-03-22 17:53:17 - Resolving eureka endpoints via configuration
2025-03-22 17:53:41 - Application shutdown requested.
2025-03-22 17:53:41 - Unregistering application ADDRESS-INFO with eureka with status DOWN
2025-03-22 17:53:41 - Saw local status change event StatusChangeEvent [timestamp=1742646221415, current=DOWN, previous=UP]
2025-03-22 17:53:41 - DiscoveryClient_ADDRESS-INFO/SYMPLT1017:address-info:8083: registering service...
2025-03-22 17:53:41 - Commencing graceful shutdown. Waiting for active requests to complete
2025-03-22 17:53:41 - DiscoveryClient_ADDRESS-INFO/SYMPLT1017:address-info:8083 - registration status: 204
2025-03-22 17:53:41 - Graceful shutdown complete
2025-03-22 17:53:41 - Closing JPA EntityManagerFactory for persistence unit 'default'
2025-03-22 17:53:41 - HikariPool-1 - Shutdown initiated...
2025-03-22 17:53:42 - HikariPool-1 - Shutdown completed.
2025-03-22 17:53:42 - Shutting down DiscoveryClient ...
2025-03-22 17:53:45 - Unregistering ...
2025-03-22 17:53:45 - Request execution error. endpoint=DefaultEndpoint{ serviceUrl='http://localhost:8761/eureka/} exception=I/O error on DELETE request for "http://localhost:8761/eureka/apps/ADDRESS-INFO/SYMPLT1017:address-info:8083": Connect to http://localhost:8761 [localhost/127.0.0.1, localhost/0:0:0:0:0:0:0:1] failed: Connection refused: no further information stacktrace=org.springframework.web.client.ResourceAccessException: I/O error on DELETE request for "http://localhost:8761/eureka/apps/ADDRESS-INFO/SYMPLT1017:address-info:8083": Connect to http://localhost:8761 [localhost/127.0.0.1, localhost/0:0:0:0:0:0:0:1] failed: Connection refused: no further information
	at org.springframework.web.client.RestTemplate.createResourceAccessException(RestTemplate.java:925)
	at org.springframework.web.client.RestTemplate.doExecute(RestTemplate.java:905)
	at org.springframework.web.client.RestTemplate.execute(RestTemplate.java:840)
	at org.springframework.web.client.RestTemplate.exchange(RestTemplate.java:701)
	at org.springframework.cloud.netflix.eureka.http.RestTemplateEurekaHttpClient.cancel(RestTemplateEurekaHttpClient.java:100)
	at com.netflix.discovery.shared.transport.decorator.EurekaHttpClientDecorator$2.execute(EurekaHttpClientDecorator.java:74)
	at com.netflix.discovery.shared.transport.decorator.RedirectingEurekaHttpClient.execute(RedirectingEurekaHttpClient.java:91)
	at com.netflix.discovery.shared.transport.decorator.EurekaHttpClientDecorator.cancel(EurekaHttpClientDecorator.java:71)
	at com.netflix.discovery.shared.transport.decorator.EurekaHttpClientDecorator$2.execute(EurekaHttpClientDecorator.java:74)
	at com.netflix.discovery.shared.transport.decorator.RetryableEurekaHttpClient.execute(RetryableEurekaHttpClient.java:120)
	at com.netflix.discovery.shared.transport.decorator.EurekaHttpClientDecorator.cancel(EurekaHttpClientDecorator.java:71)
	at com.netflix.discovery.shared.transport.decorator.EurekaHttpClientDecorator$2.execute(EurekaHttpClientDecorator.java:74)
	at com.netflix.discovery.shared.transport.decorator.SessionedEurekaHttpClient.execute(SessionedEurekaHttpClient.java:76)
	at com.netflix.discovery.shared.transport.decorator.EurekaHttpClientDecorator.cancel(EurekaHttpClientDecorator.java:71)
	at com.netflix.discovery.DiscoveryClient.unregister(DiscoveryClient.java:919)
	at com.netflix.discovery.DiscoveryClient.shutdown(DiscoveryClient.java:900)
	at java.base/jdk.internal.reflect.NativeMethodAccessorImpl.invoke0(Native Method)
	at java.base/jdk.internal.reflect.NativeMethodAccessorImpl.invoke(NativeMethodAccessorImpl.java:77)
	at java.base/jdk.internal.reflect.DelegatingMethodAccessorImpl.invoke(DelegatingMethodAccessorImpl.java:43)
	at java.base/java.lang.reflect.Method.invoke(Method.java:568)
	at org.springframework.beans.factory.annotation.InitDestroyAnnotationBeanPostProcessor$LifecycleMethod.invoke(InitDestroyAnnotationBeanPostProcessor.java:457)
	at org.springframework.beans.factory.annotation.InitDestroyAnnotationBeanPostProcessor$LifecycleMetadata.invokeDestroyMethods(InitDestroyAnnotationBeanPostProcessor.java:415)
	at org.springframework.beans.factory.annotation.InitDestroyAnnotationBeanPostProcessor.postProcessBeforeDestruction(InitDestroyAnnotationBeanPostProcessor.java:239)
	at org.springframework.beans.factory.support.DisposableBeanAdapter.destroy(DisposableBeanAdapter.java:202)
	at org.springframework.beans.factory.support.DisposableBeanAdapter.run(DisposableBeanAdapter.java:195)
	at org.springframework.cloud.context.scope.GenericScope$BeanLifecycleWrapper.destroy(GenericScope.java:389)
	at org.springframework.cloud.context.scope.GenericScope.destroy(GenericScope.java:136)
	at org.springframework.beans.factory.support.DisposableBeanAdapter.destroy(DisposableBeanAdapter.java:211)
	at org.springframework.beans.factory.support.DefaultSingletonBeanRegistry.destroyBean(DefaultSingletonBeanRegistry.java:735)
	at org.springframework.beans.factory.support.DefaultSingletonBeanRegistry.destroySingleton(DefaultSingletonBeanRegistry.java:692)
	at org.springframework.beans.factory.support.DefaultListableBeanFactory.destroySingleton(DefaultListableBeanFactory.java:1401)
	at org.springframework.beans.factory.support.DefaultSingletonBeanRegistry.destroySingletons(DefaultSingletonBeanRegistry.java:651)
	at org.springframework.beans.factory.support.DefaultListableBeanFactory.destroySingletons(DefaultListableBeanFactory.java:1394)
	at org.springframework.context.support.AbstractApplicationContext.destroyBeans(AbstractApplicationContext.java:1219)
	at org.springframework.context.support.AbstractApplicationContext.doClose(AbstractApplicationContext.java:1180)
	at org.springframework.boot.web.servlet.context.ServletWebServerApplicationContext.doClose(ServletWebServerApplicationContext.java:179)
	at org.springframework.context.support.AbstractApplicationContext.close(AbstractApplicationContext.java:1126)
	at org.springframework.boot.admin.SpringApplicationAdminMXBeanRegistrar$SpringApplicationAdmin.shutdown(SpringApplicationAdminMXBeanRegistrar.java:160)
	at java.base/jdk.internal.reflect.NativeMethodAccessorImpl.invoke0(Native Method)
	at java.base/jdk.internal.reflect.NativeMethodAccessorImpl.invoke(NativeMethodAccessorImpl.java:77)
	at java.base/jdk.internal.reflect.DelegatingMethodAccessorImpl.invoke(DelegatingMethodAccessorImpl.java:43)
	at java.base/java.lang.reflect.Method.invoke(Method.java:568)
	at sun.reflect.misc.Trampoline.invoke(MethodUtil.java:72)
	at jdk.internal.reflect.GeneratedMethodAccessor25.invoke(Unknown Source)
	at java.base/jdk.internal.reflect.DelegatingMethodAccessorImpl.invoke(DelegatingMethodAccessorImpl.java:43)
	at java.base/java.lang.reflect.Method.invoke(Method.java:568)
	at java.base/sun.reflect.misc.MethodUtil.invoke(MethodUtil.java:262)
	at java.management/com.sun.jmx.mbeanserver.ConvertingMethod.invokeWithOpenReturn(ConvertingMethod.java:193)
	at java.management/com.sun.jmx.mbeanserver.ConvertingMethod.invokeWithOpenReturn(ConvertingMethod.java:175)
	at java.management/com.sun.jmx.mbeanserver.MXBeanIntrospector.invokeM2(MXBeanIntrospector.java:117)
	at java.management/com.sun.jmx.mbeanserver.MXBeanIntrospector.invokeM2(MXBeanIntrospector.java:54)
	at java.management/com.sun.jmx.mbeanserver.MBeanIntrospector.invokeM(MBeanIntrospector.java:237)
	at java.management/com.sun.jmx.mbeanserver.PerInterface.invoke(PerInterface.java:138)
	at java.management/com.sun.jmx.mbeanserver.MBeanSupport.invoke(MBeanSupport.java:252)
	at java.management/com.sun.jmx.interceptor.DefaultMBeanServerInterceptor.invoke(DefaultMBeanServerInterceptor.java:814)
	at java.management/com.sun.jmx.mbeanserver.JmxMBeanServer.invoke(JmxMBeanServer.java:802)
	at java.management.rmi/javax.management.remote.rmi.RMIConnectionImpl.doOperation(RMIConnectionImpl.java:1472)
	at java.management.rmi/javax.management.remote.rmi.RMIConnectionImpl$PrivilegedOperation.run(RMIConnectionImpl.java:1310)
	at java.management.rmi/javax.management.remote.rmi.RMIConnectionImpl.doPrivilegedOperation(RMIConnectionImpl.java:1405)
	at java.management.rmi/javax.management.remote.rmi.RMIConnectionImpl.invoke(RMIConnectionImpl.java:829)
	at java.base/jdk.internal.reflect.GeneratedMethodAccessor26.invoke(Unknown Source)
	at java.base/jdk.internal.reflect.DelegatingMethodAccessorImpl.invoke(DelegatingMethodAccessorImpl.java:43)
	at java.base/java.lang.reflect.Method.invoke(Method.java:568)
	at java.rmi/sun.rmi.server.UnicastServerRef.dispatch(UnicastServerRef.java:360)
	at java.rmi/sun.rmi.transport.Transport$1.run(Transport.java:200)
	at java.rmi/sun.rmi.transport.Transport$1.run(Transport.java:197)
	at java.base/java.security.AccessController.doPrivileged(AccessController.java:712)
	at java.rmi/sun.rmi.transport.Transport.serviceCall(Transport.java:196)
	at java.rmi/sun.rmi.transport.tcp.TCPTransport.handleMessages(TCPTransport.java:587)
	at java.rmi/sun.rmi.transport.tcp.TCPTransport$ConnectionHandler.run0(TCPTransport.java:828)
	at java.rmi/sun.rmi.transport.tcp.TCPTransport$ConnectionHandler.lambda$run$0(TCPTransport.java:705)
	at java.base/java.security.AccessController.doPrivileged(AccessController.java:399)
	at java.rmi/sun.rmi.transport.tcp.TCPTransport$ConnectionHandler.run(TCPTransport.java:704)
	at java.base/java.util.concurrent.ThreadPoolExecutor.runWorker(ThreadPoolExecutor.java:1136)
	at java.base/java.util.concurrent.ThreadPoolExecutor$Worker.run(ThreadPoolExecutor.java:635)
	at java.base/java.lang.Thread.run(Thread.java:842)
Caused by: org.apache.hc.client5.http.HttpHostConnectException: Connect to http://localhost:8761 [localhost/127.0.0.1, localhost/0:0:0:0:0:0:0:1] failed: Connection refused: no further information
	at java.base/sun.nio.ch.Net.pollConnect(Native Method)
	at java.base/sun.nio.ch.Net.pollConnectNow(Net.java:672)
	at java.base/sun.nio.ch.NioSocketImpl.timedFinishConnect(NioSocketImpl.java:547)
	at java.base/sun.nio.ch.NioSocketImpl.connect(NioSocketImpl.java:602)
	at java.base/java.net.SocksSocketImpl.connect(SocksSocketImpl.java:327)
	at java.base/java.net.Socket.connect(Socket.java:633)
	at org.apache.hc.client5.http.impl.io.DefaultHttpClientConnectionOperator.connect(DefaultHttpClientConnectionOperator.java:216)
	at org.apache.hc.client5.http.impl.io.PoolingHttpClientConnectionManager.connect(PoolingHttpClientConnectionManager.java:490)
	at org.apache.hc.client5.http.impl.classic.InternalExecRuntime.connectEndpoint(InternalExecRuntime.java:164)
	at org.apache.hc.client5.http.impl.classic.InternalExecRuntime.connectEndpoint(InternalExecRuntime.java:174)
	at org.apache.hc.client5.http.impl.classic.ConnectExec.execute(ConnectExec.java:144)
	at org.apache.hc.client5.http.impl.classic.ExecChainElement.execute(ExecChainElement.java:51)
	at org.apache.hc.client5.http.impl.classic.ProtocolExec.execute(ProtocolExec.java:192)
	at org.apache.hc.client5.http.impl.classic.ExecChainElement.execute(ExecChainElement.java:51)
	at org.apache.hc.client5.http.impl.classic.ContentCompressionExec.execute(ContentCompressionExec.java:150)
	at org.apache.hc.client5.http.impl.classic.ExecChainElement.execute(ExecChainElement.java:51)
	at org.apache.hc.client5.http.impl.classic.HttpRequestRetryExec.execute(HttpRequestRetryExec.java:113)
	at org.apache.hc.client5.http.impl.classic.ExecChainElement.execute(ExecChainElement.java:51)
	at org.apache.hc.client5.http.impl.classic.RedirectExec.execute(RedirectExec.java:110)
	at org.apache.hc.client5.http.impl.classic.ExecChainElement.execute(ExecChainElement.java:51)
	at org.apache.hc.client5.http.impl.classic.InternalHttpClient.doExecute(InternalHttpClient.java:174)
	at org.apache.hc.client5.http.impl.classic.CloseableHttpClient.execute(CloseableHttpClient.java:87)
	at org.apache.hc.client5.http.impl.classic.CloseableHttpClient.execute(CloseableHttpClient.java:55)
	at org.apache.hc.client5.http.classic.HttpClient.executeOpen(HttpClient.java:183)
	at org.springframework.http.client.HttpComponentsClientHttpRequest.executeInternal(HttpComponentsClientHttpRequest.java:99)
	at org.springframework.http.client.AbstractStreamingClientHttpRequest.executeInternal(AbstractStreamingClientHttpRequest.java:71)
	at org.springframework.http.client.AbstractClientHttpRequest.execute(AbstractClientHttpRequest.java:81)
	at org.springframework.http.client.InterceptingClientHttpRequest$InterceptingRequestExecution.execute(InterceptingClientHttpRequest.java:117)
	at org.springframework.cloud.netflix.eureka.http.RestTemplateTransportClientFactory.lambda$restTemplate$3(RestTemplateTransportClientFactory.java:141)
	at org.springframework.http.client.InterceptingClientHttpRequest$InterceptingRequestExecution.execute(InterceptingClientHttpRequest.java:88)
	at org.springframework.http.client.InterceptingClientHttpRequest.executeInternal(InterceptingClientHttpRequest.java:72)
	at org.springframework.http.client.AbstractBufferingClientHttpRequest.executeInternal(AbstractBufferingClientHttpRequest.java:48)
	at org.springframework.http.client.AbstractClientHttpRequest.execute(AbstractClientHttpRequest.java:81)
	at org.springframework.web.client.RestTemplate.doExecute(RestTemplate.java:899)
	... 74 more

2025-03-22 17:53:45 - Request execution failed with message: I/O error on DELETE request for "http://localhost:8761/eureka/apps/ADDRESS-INFO/SYMPLT1017:address-info:8083": Connect to http://localhost:8761 [localhost/127.0.0.1, localhost/0:0:0:0:0:0:0:1] failed: Connection refused: no further information
2025-03-22 17:53:45 - Request execution error. endpoint=DefaultEndpoint{ serviceUrl='http://localhost:8761/eureka/}, exception=I/O error on DELETE request for "http://localhost:8761/eureka/apps/ADDRESS-INFO/SYMPLT1017:address-info:8083": Connect to http://localhost:8761 [localhost/127.0.0.1, localhost/0:0:0:0:0:0:0:1] failed: Connection refused: no further information stacktrace=org.springframework.web.client.ResourceAccessException: I/O error on DELETE request for "http://localhost:8761/eureka/apps/ADDRESS-INFO/SYMPLT1017:address-info:8083": Connect to http://localhost:8761 [localhost/127.0.0.1, localhost/0:0:0:0:0:0:0:1] failed: Connection refused: no further information
	at org.springframework.web.client.RestTemplate.createResourceAccessException(RestTemplate.java:925)
	at org.springframework.web.client.RestTemplate.doExecute(RestTemplate.java:905)
	at org.springframework.web.client.RestTemplate.execute(RestTemplate.java:840)
	at org.springframework.web.client.RestTemplate.exchange(RestTemplate.java:701)
	at org.springframework.cloud.netflix.eureka.http.RestTemplateEurekaHttpClient.cancel(RestTemplateEurekaHttpClient.java:100)
	at com.netflix.discovery.shared.transport.decorator.EurekaHttpClientDecorator$2.execute(EurekaHttpClientDecorator.java:74)
	at com.netflix.discovery.shared.transport.decorator.RedirectingEurekaHttpClient.executeOnNewServer(RedirectingEurekaHttpClient.java:121)
	at com.netflix.discovery.shared.transport.decorator.RedirectingEurekaHttpClient.execute(RedirectingEurekaHttpClient.java:80)
	at com.netflix.discovery.shared.transport.decorator.EurekaHttpClientDecorator.cancel(EurekaHttpClientDecorator.java:71)
	at com.netflix.discovery.shared.transport.decorator.EurekaHttpClientDecorator$2.execute(EurekaHttpClientDecorator.java:74)
	at com.netflix.discovery.shared.transport.decorator.RetryableEurekaHttpClient.execute(RetryableEurekaHttpClient.java:120)
	at com.netflix.discovery.shared.transport.decorator.EurekaHttpClientDecorator.cancel(EurekaHttpClientDecorator.java:71)
	at com.netflix.discovery.shared.transport.decorator.EurekaHttpClientDecorator$2.execute(EurekaHttpClientDecorator.java:74)
	at com.netflix.discovery.shared.transport.decorator.SessionedEurekaHttpClient.execute(SessionedEurekaHttpClient.java:76)
	at com.netflix.discovery.shared.transport.decorator.EurekaHttpClientDecorator.cancel(EurekaHttpClientDecorator.java:71)
	at com.netflix.discovery.DiscoveryClient.unregister(DiscoveryClient.java:919)
	at com.netflix.discovery.DiscoveryClient.shutdown(DiscoveryClient.java:900)
	at java.base/jdk.internal.reflect.NativeMethodAccessorImpl.invoke0(Native Method)
	at java.base/jdk.internal.reflect.NativeMethodAccessorImpl.invoke(NativeMethodAccessorImpl.java:77)
	at java.base/jdk.internal.reflect.DelegatingMethodAccessorImpl.invoke(DelegatingMethodAccessorImpl.java:43)
	at java.base/java.lang.reflect.Method.invoke(Method.java:568)
	at org.springframework.beans.factory.annotation.InitDestroyAnnotationBeanPostProcessor$LifecycleMethod.invoke(InitDestroyAnnotationBeanPostProcessor.java:457)
	at org.springframework.beans.factory.annotation.InitDestroyAnnotationBeanPostProcessor$LifecycleMetadata.invokeDestroyMethods(InitDestroyAnnotationBeanPostProcessor.java:415)
	at org.springframework.beans.factory.annotation.InitDestroyAnnotationBeanPostProcessor.postProcessBeforeDestruction(InitDestroyAnnotationBeanPostProcessor.java:239)
	at org.springframework.beans.factory.support.DisposableBeanAdapter.destroy(DisposableBeanAdapter.java:202)
	at org.springframework.beans.factory.support.DisposableBeanAdapter.run(DisposableBeanAdapter.java:195)
	at org.springframework.cloud.context.scope.GenericScope$BeanLifecycleWrapper.destroy(GenericScope.java:389)
	at org.springframework.cloud.context.scope.GenericScope.destroy(GenericScope.java:136)
	at org.springframework.beans.factory.support.DisposableBeanAdapter.destroy(DisposableBeanAdapter.java:211)
	at org.springframework.beans.factory.support.DefaultSingletonBeanRegistry.destroyBean(DefaultSingletonBeanRegistry.java:735)
	at org.springframework.beans.factory.support.DefaultSingletonBeanRegistry.destroySingleton(DefaultSingletonBeanRegistry.java:692)
	at org.springframework.beans.factory.support.DefaultListableBeanFactory.destroySingleton(DefaultListableBeanFactory.java:1401)
	at org.springframework.beans.factory.support.DefaultSingletonBeanRegistry.destroySingletons(DefaultSingletonBeanRegistry.java:651)
	at org.springframework.beans.factory.support.DefaultListableBeanFactory.destroySingletons(DefaultListableBeanFactory.java:1394)
	at org.springframework.context.support.AbstractApplicationContext.destroyBeans(AbstractApplicationContext.java:1219)
	at org.springframework.context.support.AbstractApplicationContext.doClose(AbstractApplicationContext.java:1180)
	at org.springframework.boot.web.servlet.context.ServletWebServerApplicationContext.doClose(ServletWebServerApplicationContext.java:179)
	at org.springframework.context.support.AbstractApplicationContext.close(AbstractApplicationContext.java:1126)
	at org.springframework.boot.admin.SpringApplicationAdminMXBeanRegistrar$SpringApplicationAdmin.shutdown(SpringApplicationAdminMXBeanRegistrar.java:160)
	at java.base/jdk.internal.reflect.NativeMethodAccessorImpl.invoke0(Native Method)
	at java.base/jdk.internal.reflect.NativeMethodAccessorImpl.invoke(NativeMethodAccessorImpl.java:77)
	at java.base/jdk.internal.reflect.DelegatingMethodAccessorImpl.invoke(DelegatingMethodAccessorImpl.java:43)
	at java.base/java.lang.reflect.Method.invoke(Method.java:568)
	at sun.reflect.misc.Trampoline.invoke(MethodUtil.java:72)
	at jdk.internal.reflect.GeneratedMethodAccessor25.invoke(Unknown Source)
	at java.base/jdk.internal.reflect.DelegatingMethodAccessorImpl.invoke(DelegatingMethodAccessorImpl.java:43)
	at java.base/java.lang.reflect.Method.invoke(Method.java:568)
	at java.base/sun.reflect.misc.MethodUtil.invoke(MethodUtil.java:262)
	at java.management/com.sun.jmx.mbeanserver.ConvertingMethod.invokeWithOpenReturn(ConvertingMethod.java:193)
	at java.management/com.sun.jmx.mbeanserver.ConvertingMethod.invokeWithOpenReturn(ConvertingMethod.java:175)
	at java.management/com.sun.jmx.mbeanserver.MXBeanIntrospector.invokeM2(MXBeanIntrospector.java:117)
	at java.management/com.sun.jmx.mbeanserver.MXBeanIntrospector.invokeM2(MXBeanIntrospector.java:54)
	at java.management/com.sun.jmx.mbeanserver.MBeanIntrospector.invokeM(MBeanIntrospector.java:237)
	at java.management/com.sun.jmx.mbeanserver.PerInterface.invoke(PerInterface.java:138)
	at java.management/com.sun.jmx.mbeanserver.MBeanSupport.invoke(MBeanSupport.java:252)
	at java.management/com.sun.jmx.interceptor.DefaultMBeanServerInterceptor.invoke(DefaultMBeanServerInterceptor.java:814)
	at java.management/com.sun.jmx.mbeanserver.JmxMBeanServer.invoke(JmxMBeanServer.java:802)
	at java.management.rmi/javax.management.remote.rmi.RMIConnectionImpl.doOperation(RMIConnectionImpl.java:1472)
	at java.management.rmi/javax.management.remote.rmi.RMIConnectionImpl$PrivilegedOperation.run(RMIConnectionImpl.java:1310)
	at java.management.rmi/javax.management.remote.rmi.RMIConnectionImpl.doPrivilegedOperation(RMIConnectionImpl.java:1405)
	at java.management.rmi/javax.management.remote.rmi.RMIConnectionImpl.invoke(RMIConnectionImpl.java:829)
	at java.base/jdk.internal.reflect.GeneratedMethodAccessor26.invoke(Unknown Source)
	at java.base/jdk.internal.reflect.DelegatingMethodAccessorImpl.invoke(DelegatingMethodAccessorImpl.java:43)
	at java.base/java.lang.reflect.Method.invoke(Method.java:568)
	at java.rmi/sun.rmi.server.UnicastServerRef.dispatch(UnicastServerRef.java:360)
	at java.rmi/sun.rmi.transport.Transport$1.run(Transport.java:200)
	at java.rmi/sun.rmi.transport.Transport$1.run(Transport.java:197)
	at java.base/java.security.AccessController.doPrivileged(AccessController.java:712)
	at java.rmi/sun.rmi.transport.Transport.serviceCall(Transport.java:196)
	at java.rmi/sun.rmi.transport.tcp.TCPTransport.handleMessages(TCPTransport.java:587)
	at java.rmi/sun.rmi.transport.tcp.TCPTransport$ConnectionHandler.run0(TCPTransport.java:828)
	at java.rmi/sun.rmi.transport.tcp.TCPTransport$ConnectionHandler.lambda$run$0(TCPTransport.java:705)
	at java.base/java.security.AccessController.doPrivileged(AccessController.java:399)
	at java.rmi/sun.rmi.transport.tcp.TCPTransport$ConnectionHandler.run(TCPTransport.java:704)
	at java.base/java.util.concurrent.ThreadPoolExecutor.runWorker(ThreadPoolExecutor.java:1136)
	at java.base/java.util.concurrent.ThreadPoolExecutor$Worker.run(ThreadPoolExecutor.java:635)
	at java.base/java.lang.Thread.run(Thread.java:842)
Caused by: org.apache.hc.client5.http.HttpHostConnectException: Connect to http://localhost:8761 [localhost/127.0.0.1, localhost/0:0:0:0:0:0:0:1] failed: Connection refused: no further information
	at java.base/sun.nio.ch.Net.pollConnect(Native Method)
	at java.base/sun.nio.ch.Net.pollConnectNow(Net.java:672)
	at java.base/sun.nio.ch.NioSocketImpl.timedFinishConnect(NioSocketImpl.java:547)
	at java.base/sun.nio.ch.NioSocketImpl.connect(NioSocketImpl.java:602)
	at java.base/java.net.SocksSocketImpl.connect(SocksSocketImpl.java:327)
	at java.base/java.net.Socket.connect(Socket.java:633)
	at org.apache.hc.client5.http.impl.io.DefaultHttpClientConnectionOperator.connect(DefaultHttpClientConnectionOperator.java:216)
	at org.apache.hc.client5.http.impl.io.PoolingHttpClientConnectionManager.connect(PoolingHttpClientConnectionManager.java:490)
	at org.apache.hc.client5.http.impl.classic.InternalExecRuntime.connectEndpoint(InternalExecRuntime.java:164)
	at org.apache.hc.client5.http.impl.classic.InternalExecRuntime.connectEndpoint(InternalExecRuntime.java:174)
	at org.apache.hc.client5.http.impl.classic.ConnectExec.execute(ConnectExec.java:144)
	at org.apache.hc.client5.http.impl.classic.ExecChainElement.execute(ExecChainElement.java:51)
	at org.apache.hc.client5.http.impl.classic.ProtocolExec.execute(ProtocolExec.java:192)
	at org.apache.hc.client5.http.impl.classic.ExecChainElement.execute(ExecChainElement.java:51)
	at org.apache.hc.client5.http.impl.classic.ContentCompressionExec.execute(ContentCompressionExec.java:150)
	at org.apache.hc.client5.http.impl.classic.ExecChainElement.execute(ExecChainElement.java:51)
	at org.apache.hc.client5.http.impl.classic.HttpRequestRetryExec.execute(HttpRequestRetryExec.java:113)
	at org.apache.hc.client5.http.impl.classic.ExecChainElement.execute(ExecChainElement.java:51)
	at org.apache.hc.client5.http.impl.classic.RedirectExec.execute(RedirectExec.java:110)
	at org.apache.hc.client5.http.impl.classic.ExecChainElement.execute(ExecChainElement.java:51)
	at org.apache.hc.client5.http.impl.classic.InternalHttpClient.doExecute(InternalHttpClient.java:174)
	at org.apache.hc.client5.http.impl.classic.CloseableHttpClient.execute(CloseableHttpClient.java:87)
	at org.apache.hc.client5.http.impl.classic.CloseableHttpClient.execute(CloseableHttpClient.java:55)
	at org.apache.hc.client5.http.classic.HttpClient.executeOpen(HttpClient.java:183)
	at org.springframework.http.client.HttpComponentsClientHttpRequest.executeInternal(HttpComponentsClientHttpRequest.java:99)
	at org.springframework.http.client.AbstractStreamingClientHttpRequest.executeInternal(AbstractStreamingClientHttpRequest.java:71)
	at org.springframework.http.client.AbstractClientHttpRequest.execute(AbstractClientHttpRequest.java:81)
	at org.springframework.http.client.InterceptingClientHttpRequest$InterceptingRequestExecution.execute(InterceptingClientHttpRequest.java:117)
	at org.springframework.cloud.netflix.eureka.http.RestTemplateTransportClientFactory.lambda$restTemplate$3(RestTemplateTransportClientFactory.java:141)
	at org.springframework.http.client.InterceptingClientHttpRequest$InterceptingRequestExecution.execute(InterceptingClientHttpRequest.java:88)
	at org.springframework.http.client.InterceptingClientHttpRequest.executeInternal(InterceptingClientHttpRequest.java:72)
	at org.springframework.http.client.AbstractBufferingClientHttpRequest.executeInternal(AbstractBufferingClientHttpRequest.java:48)
	at org.springframework.http.client.AbstractClientHttpRequest.execute(AbstractClientHttpRequest.java:81)
	at org.springframework.web.client.RestTemplate.doExecute(RestTemplate.java:899)
	... 75 more

2025-03-22 17:53:45 - Request execution failed with message: I/O error on DELETE request for "http://localhost:8761/eureka/apps/ADDRESS-INFO/SYMPLT1017:address-info:8083": Connect to http://localhost:8761 [localhost/127.0.0.1, localhost/0:0:0:0:0:0:0:1] failed: Connection refused: no further information
2025-03-22 17:53:45 - DiscoveryClient_ADDRESS-INFO/SYMPLT1017:address-info:8083 - de-registration failedCannot execute request on any known server
com.netflix.discovery.shared.transport.TransportException: Cannot execute request on any known server
	at com.netflix.discovery.shared.transport.decorator.RetryableEurekaHttpClient.execute(RetryableEurekaHttpClient.java:112)
	at com.netflix.discovery.shared.transport.decorator.EurekaHttpClientDecorator.cancel(EurekaHttpClientDecorator.java:71)
	at com.netflix.discovery.shared.transport.decorator.EurekaHttpClientDecorator$2.execute(EurekaHttpClientDecorator.java:74)
	at com.netflix.discovery.shared.transport.decorator.SessionedEurekaHttpClient.execute(SessionedEurekaHttpClient.java:76)
	at com.netflix.discovery.shared.transport.decorator.EurekaHttpClientDecorator.cancel(EurekaHttpClientDecorator.java:71)
	at com.netflix.discovery.DiscoveryClient.unregister(DiscoveryClient.java:919)
	at com.netflix.discovery.DiscoveryClient.shutdown(DiscoveryClient.java:900)
	at java.base/jdk.internal.reflect.NativeMethodAccessorImpl.invoke0(Native Method)
	at java.base/jdk.internal.reflect.NativeMethodAccessorImpl.invoke(NativeMethodAccessorImpl.java:77)
	at java.base/jdk.internal.reflect.DelegatingMethodAccessorImpl.invoke(DelegatingMethodAccessorImpl.java:43)
	at java.base/java.lang.reflect.Method.invoke(Method.java:568)
	at org.springframework.beans.factory.annotation.InitDestroyAnnotationBeanPostProcessor$LifecycleMethod.invoke(InitDestroyAnnotationBeanPostProcessor.java:457)
	at org.springframework.beans.factory.annotation.InitDestroyAnnotationBeanPostProcessor$LifecycleMetadata.invokeDestroyMethods(InitDestroyAnnotationBeanPostProcessor.java:415)
	at org.springframework.beans.factory.annotation.InitDestroyAnnotationBeanPostProcessor.postProcessBeforeDestruction(InitDestroyAnnotationBeanPostProcessor.java:239)
	at org.springframework.beans.factory.support.DisposableBeanAdapter.destroy(DisposableBeanAdapter.java:202)
	at org.springframework.beans.factory.support.DisposableBeanAdapter.run(DisposableBeanAdapter.java:195)
	at org.springframework.cloud.context.scope.GenericScope$BeanLifecycleWrapper.destroy(GenericScope.java:389)
	at org.springframework.cloud.context.scope.GenericScope.destroy(GenericScope.java:136)
	at org.springframework.beans.factory.support.DisposableBeanAdapter.destroy(DisposableBeanAdapter.java:211)
	at org.springframework.beans.factory.support.DefaultSingletonBeanRegistry.destroyBean(DefaultSingletonBeanRegistry.java:735)
	at org.springframework.beans.factory.support.DefaultSingletonBeanRegistry.destroySingleton(DefaultSingletonBeanRegistry.java:692)
	at org.springframework.beans.factory.support.DefaultListableBeanFactory.destroySingleton(DefaultListableBeanFactory.java:1401)
	at org.springframework.beans.factory.support.DefaultSingletonBeanRegistry.destroySingletons(DefaultSingletonBeanRegistry.java:651)
	at org.springframework.beans.factory.support.DefaultListableBeanFactory.destroySingletons(DefaultListableBeanFactory.java:1394)
	at org.springframework.context.support.AbstractApplicationContext.destroyBeans(AbstractApplicationContext.java:1219)
	at org.springframework.context.support.AbstractApplicationContext.doClose(AbstractApplicationContext.java:1180)
	at org.springframework.boot.web.servlet.context.ServletWebServerApplicationContext.doClose(ServletWebServerApplicationContext.java:179)
	at org.springframework.context.support.AbstractApplicationContext.close(AbstractApplicationContext.java:1126)
	at org.springframework.boot.admin.SpringApplicationAdminMXBeanRegistrar$SpringApplicationAdmin.shutdown(SpringApplicationAdminMXBeanRegistrar.java:160)
	at java.base/jdk.internal.reflect.NativeMethodAccessorImpl.invoke0(Native Method)
	at java.base/jdk.internal.reflect.NativeMethodAccessorImpl.invoke(NativeMethodAccessorImpl.java:77)
	at java.base/jdk.internal.reflect.DelegatingMethodAccessorImpl.invoke(DelegatingMethodAccessorImpl.java:43)
	at java.base/java.lang.reflect.Method.invoke(Method.java:568)
	at sun.reflect.misc.Trampoline.invoke(MethodUtil.java:72)
	at jdk.internal.reflect.GeneratedMethodAccessor25.invoke(Unknown Source)
	at java.base/jdk.internal.reflect.DelegatingMethodAccessorImpl.invoke(DelegatingMethodAccessorImpl.java:43)
	at java.base/java.lang.reflect.Method.invoke(Method.java:568)
	at java.base/sun.reflect.misc.MethodUtil.invoke(MethodUtil.java:262)
	at java.management/com.sun.jmx.mbeanserver.ConvertingMethod.invokeWithOpenReturn(ConvertingMethod.java:193)
	at java.management/com.sun.jmx.mbeanserver.ConvertingMethod.invokeWithOpenReturn(ConvertingMethod.java:175)
	at java.management/com.sun.jmx.mbeanserver.MXBeanIntrospector.invokeM2(MXBeanIntrospector.java:117)
	at java.management/com.sun.jmx.mbeanserver.MXBeanIntrospector.invokeM2(MXBeanIntrospector.java:54)
	at java.management/com.sun.jmx.mbeanserver.MBeanIntrospector.invokeM(MBeanIntrospector.java:237)
	at java.management/com.sun.jmx.mbeanserver.PerInterface.invoke(PerInterface.java:138)
	at java.management/com.sun.jmx.mbeanserver.MBeanSupport.invoke(MBeanSupport.java:252)
	at java.management/com.sun.jmx.interceptor.DefaultMBeanServerInterceptor.invoke(DefaultMBeanServerInterceptor.java:814)
	at java.management/com.sun.jmx.mbeanserver.JmxMBeanServer.invoke(JmxMBeanServer.java:802)
	at java.management.rmi/javax.management.remote.rmi.RMIConnectionImpl.doOperation(RMIConnectionImpl.java:1472)
	at java.management.rmi/javax.management.remote.rmi.RMIConnectionImpl$PrivilegedOperation.run(RMIConnectionImpl.java:1310)
	at java.management.rmi/javax.management.remote.rmi.RMIConnectionImpl.doPrivilegedOperation(RMIConnectionImpl.java:1405)
	at java.management.rmi/javax.management.remote.rmi.RMIConnectionImpl.invoke(RMIConnectionImpl.java:829)
	at java.base/jdk.internal.reflect.GeneratedMethodAccessor26.invoke(Unknown Source)
	at java.base/jdk.internal.reflect.DelegatingMethodAccessorImpl.invoke(DelegatingMethodAccessorImpl.java:43)
	at java.base/java.lang.reflect.Method.invoke(Method.java:568)
	at java.rmi/sun.rmi.server.UnicastServerRef.dispatch(UnicastServerRef.java:360)
	at java.rmi/sun.rmi.transport.Transport$1.run(Transport.java:200)
	at java.rmi/sun.rmi.transport.Transport$1.run(Transport.java:197)
	at java.base/java.security.AccessController.doPrivileged(AccessController.java:712)
	at java.rmi/sun.rmi.transport.Transport.serviceCall(Transport.java:196)
	at java.rmi/sun.rmi.transport.tcp.TCPTransport.handleMessages(TCPTransport.java:587)
	at java.rmi/sun.rmi.transport.tcp.TCPTransport$ConnectionHandler.run0(TCPTransport.java:828)
	at java.rmi/sun.rmi.transport.tcp.TCPTransport$ConnectionHandler.lambda$run$0(TCPTransport.java:705)
	at java.base/java.security.AccessController.doPrivileged(AccessController.java:399)
	at java.rmi/sun.rmi.transport.tcp.TCPTransport$ConnectionHandler.run(TCPTransport.java:704)
	at java.base/java.util.concurrent.ThreadPoolExecutor.runWorker(ThreadPoolExecutor.java:1136)
	at java.base/java.util.concurrent.ThreadPoolExecutor$Worker.run(ThreadPoolExecutor.java:635)
	at java.base/java.lang.Thread.run(Thread.java:842)
2025-03-22 17:53:45 - Completed shut down of DiscoveryClient
