2025-03-18 10:40:55 - Fetching config from server at : http://localhost:8888
2025-03-18 10:40:55 - Exception on Url - http://localhost:8888:org.springframework.web.client.ResourceAccessException: I/O error on GET request for "http://localhost:8888/config-default/default": Connection refused: no further information. Will be trying the next url if available
2025-03-18 10:40:55 - Could not locate PropertySource: I/O error on GET request for "http://localhost:8888/config-default/default": Connection refused: no further information
2025-03-18 10:40:55 - No active profile set, falling back to 1 default profile: "default"
2025-03-18 10:40:55 - Fetching config from server at : http://localhost:9999
2025-03-18 10:40:55 - Located environment: name=employee-info, profiles=[default], label=null, version=5df746d6e8604671f1d0dc6507df2ad7bad6474f, state=
2025-03-18 10:40:55 - Fetching config from server at : http://localhost:9999
2025-03-18 10:40:55 - Located environment: name=config-default, profiles=[default], label=null, version=5df746d6e8604671f1d0dc6507df2ad7bad6474f, state=
2025-03-18 10:40:56 - Bootstrapping Spring Data JPA repositories in DEFAULT mode.
2025-03-18 10:40:56 - Finished Spring Data repository scanning in 142 ms. Found 1 JPA repository interface.
2025-03-18 10:40:57 - BeanFactory id=5c7e782b-59c6-3d28-99d2-88c803c1eb7d
2025-03-18 10:40:58 - Tomcat initialized with port 8084 (http)
2025-03-18 10:40:58 - Starting service [Tomcat]
2025-03-18 10:40:58 - Starting Servlet engine: [Apache Tomcat/10.1.34]
2025-03-18 10:40:58 - Initializing Spring embedded WebApplicationContext
2025-03-18 10:40:58 - Root WebApplicationContext: initialization completed in 2671 ms
2025-03-18 10:40:58 - HHH000204: Processing PersistenceUnitInfo [name: default]
2025-03-18 10:40:59 - HHH000412: Hibernate ORM core version 6.6.5.Final
2025-03-18 10:40:59 - HHH000026: Second-level cache disabled
2025-03-18 10:40:59 - No LoadTimeWeaver setup: ignoring JPA class transformer
2025-03-18 10:40:59 - HikariPool-1 - Starting...
2025-03-18 10:40:59 - HikariPool-1 - Added connection org.postgresql.jdbc.PgConnection@4e805c1b
2025-03-18 10:40:59 - HikariPool-1 - Start completed.
2025-03-18 10:41:00 - HHH90000025: PostgreSQLDialect does not need to be specified explicitly using 'hibernate.dialect' (remove the property setting and it will be selected by default)
2025-03-18 10:41:00 - HHH10001005: Database info:
	Database JDBC URL [Connecting through datasource 'HikariDataSource (HikariPool-1)']
	Database driver: undefined/unknown
	Database version: 15.8
	Autocommit mode: undefined/unknown
	Isolation level: undefined/unknown
	Minimum pool size: undefined/unknown
	Maximum pool size: undefined/unknown
2025-03-18 10:41:01 - HHH000489: No JTA platform available (set 'hibernate.transaction.jta.platform' to enable JTA platform integration)
2025-03-18 10:41:01 - Initialized JPA EntityManagerFactory for persistence unit 'default'
2025-03-18 10:41:02 - spring.jpa.open-in-view is enabled by default. Therefore, database queries may be performed during view rendering. Explicitly configure spring.jpa.open-in-view to disable this warning
2025-03-18 10:41:02 - Unable to start LiveReload server
2025-03-18 10:41:02 - For 'DEPARTMENT-INFO' URL not provided. Will try picking an instance via load-balancing.
2025-03-18 10:41:05 - Eureka HTTP Client uses RestTemplate.
2025-03-18 10:41:05 - Spring Cloud LoadBalancer is currently working with the default cache. While this cache implementation is useful for development and tests, it's recommended to use Caffeine cache in production.You can switch to using Caffeine cache, by adding it and org.springframework.cache.caffeine.CaffeineCacheManager to the classpath.
2025-03-18 10:41:05 - Exposing 1 endpoint beneath base path '/actuator'
2025-03-18 10:41:05 - Setting initial instance status as: STARTING
2025-03-18 10:41:05 - Initializing Eureka in region us-east-1
2025-03-18 10:41:05 - Resolving eureka endpoints via configuration
2025-03-18 10:41:05 - Disable delta property : false
2025-03-18 10:41:05 - Single vip registry refresh property : null
2025-03-18 10:41:05 - Force full registry fetch : false
2025-03-18 10:41:05 - Application is null : false
2025-03-18 10:41:05 - Registered Applications size is zero : true
2025-03-18 10:41:05 - Application version is -1: true
2025-03-18 10:41:05 - Getting all instance registry info from the eureka server
2025-03-18 10:41:05 - The response status is 200
2025-03-18 10:41:05 - Starting heartbeat executor: renew interval is: 30
2025-03-18 10:41:05 - InstanceInfoReplicator onDemand update allowed rate per min is 4
2025-03-18 10:41:05 - Discovery Client initialized at timestamp 1742274665989 with initial instances count: 3
2025-03-18 10:41:06 - Registering application CONFIG-DEFAULT with eureka with status UP
2025-03-18 10:41:06 - Saw local status change event StatusChangeEvent [timestamp=1742274666010, current=UP, previous=STARTING]
2025-03-18 10:41:06 - DiscoveryClient_CONFIG-DEFAULT/192.168.86.240:config-default:8084: registering service...
2025-03-18 10:41:06 - Tomcat started on port 8084 (http) with context path '/'
2025-03-18 10:41:06 - Updating port to 8084
2025-03-18 10:41:06 - DiscoveryClient_CONFIG-DEFAULT/192.168.86.240:config-default:8084 - registration status: 204
2025-03-18 10:41:06 - Started EmployeeApplication in 13.518 seconds (process running for 14.379)
2025-03-18 10:41:06 - Initializing Spring DispatcherServlet 'dispatcherServlet'
2025-03-18 10:41:06 - Initializing Servlet 'dispatcherServlet'
2025-03-18 10:41:06 - Completed initialization in 1 ms
2025-03-18 10:43:56 - Restarting due to 14 class path changes (0 additions, 14 deletions, 0 modifications)
2025-03-18 10:43:56 - Unregistering application CONFIG-DEFAULT with eureka with status DOWN
2025-03-18 10:43:56 - Saw local status change event StatusChangeEvent [timestamp=1742274836971, current=DOWN, previous=UP]
2025-03-18 10:43:56 - DiscoveryClient_CONFIG-DEFAULT/192.168.86.240:config-default:8084: registering service...
2025-03-18 10:43:56 - Commencing graceful shutdown. Waiting for active requests to complete
2025-03-18 10:43:56 - DiscoveryClient_CONFIG-DEFAULT/192.168.86.240:config-default:8084 - registration status: 204
2025-03-18 10:43:57 - Graceful shutdown complete
2025-03-18 10:43:57 - Closing JPA EntityManagerFactory for persistence unit 'default'
2025-03-18 10:43:57 - HikariPool-1 - Shutdown initiated...
2025-03-18 10:43:57 - HikariPool-1 - Shutdown completed.
2025-03-18 10:43:57 - Shutting down DiscoveryClient ...
2025-03-18 10:44:00 - Unregistering ...
2025-03-18 10:44:00 - DiscoveryClient_CONFIG-DEFAULT/192.168.86.240:config-default:8084 - deregister  status: 200
2025-03-18 10:44:00 - Completed shut down of DiscoveryClient
2025-03-18 10:44:00 - Stopping service [Tomcat]
2025-03-18 10:44:00 - Destroying Spring FrameworkServlet 'dispatcherServlet'
